┌ Info: processing 29786 at https://bandcamp.com/whiley
└ @ Main /Users/pawelparadysz/Projects/bandcamp_recommendation/get_all_albums.jl:17
┌ Info: processing 29818 at https://bandcamp.com/thurmansnodgrass
└ @ Main /Users/pawelparadysz/Projects/bandcamp_recommendation/get_all_albums.jl:17
┌ Info: processing 30039 at https://bandcamp.com/eridax700
└ @ Main /Users/pawelparadysz/Projects/bandcamp_recommendation/get_all_albums.jl:17
┌ Info: processing 30351 at https://bandcamp.com/arcaira
└ @ Main /Users/pawelparadysz/Projects/bandcamp_recommendation/get_all_albums.jl:17
┌ Info: processing 30523 at https://bandcamp.com/i7899999
└ @ Main /Users/pawelparadysz/Projects/bandcamp_recommendation/get_all_albums.jl:17
┌ Info: processing 30750 at https://bandcamp.com/Serenade
└ @ Main /Users/pawelparadysz/Projects/bandcamp_recommendation/get_all_albums.jl:17
┌ Info: processing 30930 at https://bandcamp.com/american_express
└ @ Main /Users/pawelparadysz/Projects/bandcamp_recommendation/get_all_albums.jl:17
┌ Info: processing 30950 at https://bandcamp.com/naturalemc
└ @ Main /Users/pawelparadysz/Projects/bandcamp_recommendation/get_all_albums.jl:17
┌ Info: processing 31031 at https://bandcamp.com/rederror404
└ @ Main /Users/pawelparadysz/Projects/bandcamp_recommendation/get_all_albums.jl:17
┌ Info: processing 31070 at https://bandcamp.com/cortney
└ @ Main /Users/pawelparadysz/Projects/bandcamp_recommendation/get_all_albums.jl:17
┌ Info: processing 31127 at https://bandcamp.com/kaz
└ @ Main /Users/pawelparadysz/Projects/bandcamp_recommendation/get_all_albums.jl:17
┌ Info: processing 31135 at https://bandcamp.com/Lioramst
└ @ Main /Users/pawelparadysz/Projects/bandcamp_recommendation/get_all_albums.jl:17
┌ Info: processing 31360 at https://bandcamp.com/Dingo
└ @ Main /Users/pawelparadysz/Projects/bandcamp_recommendation/get_all_albums.jl:17
┌ Info: processing 31379 at https://bandcamp.com/foxythekid
└ @ Main /Users/pawelparadysz/Projects/bandcamp_recommendation/get_all_albums.jl:17
┌ Info: processing 31412 at https://bandcamp.com/rita
└ @ Main /Users/pawelparadysz/Projects/bandcamp_recommendation/get_all_albums.jl:17
┌ Info: processing 31470 at https://bandcamp.com/irieficus
└ @ Main /Users/pawelparadysz/Projects/bandcamp_recommendation/get_all_albums.jl:17
┌ Info: processing 31482 at https://bandcamp.com/lurv
└ @ Main /Users/pawelparadysz/Projects/bandcamp_recommendation/get_all_albums.jl:17
┌ Info: processing 31601 at https://bandcamp.com/didierlinares
└ @ Main /Users/pawelparadysz/Projects/bandcamp_recommendation/get_all_albums.jl:17
┌ Info: processing 31648 at https://bandcamp.com/rylan
└ @ Main /Users/pawelparadysz/Projects/bandcamp_recommendation/get_all_albums.jl:17
┌ Info: processing 31798 at https://bandcamp.com/dethsrival
└ @ Main /Users/pawelparadysz/Projects/bandcamp_recommendation/get_all_albums.jl:17
┌ Info: processing 32424 at https://bandcamp.com/hcielgyroc
└ @ Main /Users/pawelparadysz/Projects/bandcamp_recommendation/get_all_albums.jl:17
┌ Info: processing 32478 at https://bandcamp.com/cosmojester
└ @ Main /Users/pawelparadysz/Projects/bandcamp_recommendation/get_all_albums.jl:17
┌ Info: processing 32684 at https://bandcamp.com/niksin
└ @ Main /Users/pawelparadysz/Projects/bandcamp_recommendation/get_all_albums.jl:17
┌ Info: processing 32701 at https://bandcamp.com/thomasjcastillo
└ @ Main /Users/pawelparadysz/Projects/bandcamp_recommendation/get_all_albums.jl:17
┌ Info: processing 32787 at https://bandcamp.com/balancelost
└ @ Main /Users/pawelparadysz/Projects/bandcamp_recommendation/get_all_albums.jl:17
┌ Info: processing 32978 at https://bandcamp.com/glyn
└ @ Main /Users/pawelparadysz/Projects/bandcamp_recommendation/get_all_albums.jl:17
┌ Info: processing 33011 at https://bandcamp.com/krachmandel
└ @ Main /Users/pawelparadysz/Projects/bandcamp_recommendation/get_all_albums.jl:17
┌ Info: processing 33050 at https://bandcamp.com/aith01
└ @ Main /Users/pawelparadysz/Projects/bandcamp_recommendation/get_all_albums.jl:17
┌ Info: processing 33076 at https://bandcamp.com/chrisleaman
└ @ Main /Users/pawelparadysz/Projects/bandcamp_recommendation/get_all_albums.jl:17
┌ Info: processing 33226 at https://bandcamp.com/cguts
└ @ Main /Users/pawelparadysz/Projects/bandcamp_recommendation/get_all_albums.jl:17
┌ Info: processing 33274 at https://bandcamp.com/melissamcclendon
└ @ Main /Users/pawelparadysz/Projects/bandcamp_recommendation/get_all_albums.jl:17
┌ Info: processing 33391 at https://bandcamp.com/mariuss
└ @ Main /Users/pawelparadysz/Projects/bandcamp_recommendation/get_all_albums.jl:17
┌ Info: processing 33404 at https://bandcamp.com/sirnigelofnarnia
└ @ Main /Users/pawelparadysz/Projects/bandcamp_recommendation/get_all_albums.jl:17
┌ Info: processing 33433 at https://bandcamp.com/attilabertok
└ @ Main /Users/pawelparadysz/Projects/bandcamp_recommendation/get_all_albums.jl:17
┌ Info: processing 33464 at https://bandcamp.com/nicholascrain
└ @ Main /Users/pawelparadysz/Projects/bandcamp_recommendation/get_all_albums.jl:17
┌ Info: processing 33728 at https://bandcamp.com/keenancunnin
└ @ Main /Users/pawelparadysz/Projects/bandcamp_recommendation/get_all_albums.jl:17
┌ Info: processing 33844 at https://bandcamp.com/thathobo
└ @ Main /Users/pawelparadysz/Projects/bandcamp_recommendation/get_all_albums.jl:17
┌ Info: processing 33887 at https://bandcamp.com/malenica
└ @ Main /Users/pawelparadysz/Projects/bandcamp_recommendation/get_all_albums.jl:17
┌ Info: processing 34036 at https://bandcamp.com/caseypaul
└ @ Main /Users/pawelparadysz/Projects/bandcamp_recommendation/get_all_albums.jl:17
┌ Info: processing 34078 at https://bandcamp.com/orfonso7243
└ @ Main /Users/pawelparadysz/Projects/bandcamp_recommendation/get_all_albums.jl:17
┌ Info: processing 34101 at https://bandcamp.com/donnarail
└ @ Main /Users/pawelparadysz/Projects/bandcamp_recommendation/get_all_albums.jl:17
┌ Info: processing 34139 at https://bandcamp.com/Wnuwk
└ @ Main /Users/pawelparadysz/Projects/bandcamp_recommendation/get_all_albums.jl:17
┌ Info: processing 34184 at https://bandcamp.com/norris
└ @ Main /Users/pawelparadysz/Projects/bandcamp_recommendation/get_all_albums.jl:17
┌ Info: processing 34199 at https://bandcamp.com/bilouba
└ @ Main /Users/pawelparadysz/Projects/bandcamp_recommendation/get_all_albums.jl:17
┌ Info: processing 34429 at https://bandcamp.com/mandingueira
└ @ Main /Users/pawelparadysz/Projects/bandcamp_recommendation/get_all_albums.jl:17
┌ Info: processing 34436 at https://bandcamp.com/benobou
└ @ Main /Users/pawelparadysz/Projects/bandcamp_recommendation/get_all_albums.jl:17
┌ Info: processing 34518 at https://bandcamp.com/rustyshackles
└ @ Main /Users/pawelparadysz/Projects/bandcamp_recommendation/get_all_albums.jl:17
┌ Info: processing 34571 at https://bandcamp.com/waxyhexagon
└ @ Main /Users/pawelparadysz/Projects/bandcamp_recommendation/get_all_albums.jl:17
┌ Info: processing 34651 at https://bandcamp.com/naizuri
└ @ Main /Users/pawelparadysz/Projects/bandcamp_recommendation/get_all_albums.jl:17
┌ Info: processing 34715 at https://bandcamp.com/beatsblues
└ @ Main /Users/pawelparadysz/Projects/bandcamp_recommendation/get_all_albums.jl:17
┌ Info: processing 34719 at https://bandcamp.com/venusinfers
└ @ Main /Users/pawelparadysz/Projects/bandcamp_recommendation/get_all_albums.jl:17
┌ Info: processing 34819 at https://bandcamp.com/limni
└ @ Main /Users/pawelparadysz/Projects/bandcamp_recommendation/get_all_albums.jl:17
┌ Info: processing 34877 at https://bandcamp.com/nikonorway
└ @ Main /Users/pawelparadysz/Projects/bandcamp_recommendation/get_all_albums.jl:17
┌ Info: processing 34947 at https://bandcamp.com/irishwr
└ @ Main /Users/pawelparadysz/Projects/bandcamp_recommendation/get_all_albums.jl:17
┌ Info: processing 35005 at https://bandcamp.com/fusionshredder
└ @ Main /Users/pawelparadysz/Projects/bandcamp_recommendation/get_all_albums.jl:17
┌ Info: processing 35017 at https://bandcamp.com/crazy_bait
└ @ Main /Users/pawelparadysz/Projects/bandcamp_recommendation/get_all_albums.jl:17
┌ Info: processing 35264 at https://bandcamp.com/rtdrifter
└ @ Main /Users/pawelparadysz/Projects/bandcamp_recommendation/get_all_albums.jl:17
┌ Info: processing 35333 at https://bandcamp.com/pommieb
└ @ Main /Users/pawelparadysz/Projects/bandcamp_recommendation/get_all_albums.jl:17
┌ Info: processing 35411 at https://bandcamp.com/aramir
└ @ Main /Users/pawelparadysz/Projects/bandcamp_recommendation/get_all_albums.jl:17
┌ Info: processing 35435 at https://bandcamp.com/bsarps
└ @ Main /Users/pawelparadysz/Projects/bandcamp_recommendation/get_all_albums.jl:17
┌ Info: processing 35574 at https://bandcamp.com/sjenx
└ @ Main /Users/pawelparadysz/Projects/bandcamp_recommendation/get_all_albums.jl:17
┌ Info: processing 35847 at https://bandcamp.com/jakevoelker
└ @ Main /Users/pawelparadysz/Projects/bandcamp_recommendation/get_all_albums.jl:17
┌ Info: processing 35898 at https://bandcamp.com/wren
└ @ Main /Users/pawelparadysz/Projects/bandcamp_recommendation/get_all_albums.jl:17
┌ Info: processing 36027 at https://bandcamp.com/wend
└ @ Main /Users/pawelparadysz/Projects/bandcamp_recommendation/get_all_albums.jl:17
┌ Info: processing 36107 at https://bandcamp.com/ryanwade
└ @ Main /Users/pawelparadysz/Projects/bandcamp_recommendation/get_all_albums.jl:17
┌ Info: processing 36155 at https://bandcamp.com/thyme2
└ @ Main /Users/pawelparadysz/Projects/bandcamp_recommendation/get_all_albums.jl:17
┌ Info: processing 36285 at https://bandcamp.com/nitrohorse
└ @ Main /Users/pawelparadysz/Projects/bandcamp_recommendation/get_all_albums.jl:17
┌ Info: processing 36336 at https://bandcamp.com/ethyle
└ @ Main /Users/pawelparadysz/Projects/bandcamp_recommendation/get_all_albums.jl:17
┌ Info: processing 36566 at https://bandcamp.com/danielkelsan
└ @ Main /Users/pawelparadysz/Projects/bandcamp_recommendation/get_all_albums.jl:17
┌ Info: processing 36642 at https://bandcamp.com/oscarflores
└ @ Main /Users/pawelparadysz/Projects/bandcamp_recommendation/get_all_albums.jl:17
┌ Info: processing 36699 at https://bandcamp.com/nickjuste-constant
└ @ Main /Users/pawelparadysz/Projects/bandcamp_recommendation/get_all_albums.jl:17
┌ Info: processing 36711 at https://bandcamp.com/thetrademark
└ @ Main /Users/pawelparadysz/Projects/bandcamp_recommendation/get_all_albums.jl:17
┌ Info: processing 36734 at https://bandcamp.com/awalrus
└ @ Main /Users/pawelparadysz/Projects/bandcamp_recommendation/get_all_albums.jl:17
┌ Info: processing 36844 at https://bandcamp.com/chrominance
└ @ Main /Users/pawelparadysz/Projects/bandcamp_recommendation/get_all_albums.jl:17
┌ Info: processing 36939 at https://bandcamp.com/metaphizzle
└ @ Main /Users/pawelparadysz/Projects/bandcamp_recommendation/get_all_albums.jl:17
┌ Info: processing 36955 at https://bandcamp.com/DOOMTECH
└ @ Main /Users/pawelparadysz/Projects/bandcamp_recommendation/get_all_albums.jl:17
┌ Info: processing 37114 at https://bandcamp.com/PiketPik
└ @ Main /Users/pawelparadysz/Projects/bandcamp_recommendation/get_all_albums.jl:17
┌ Info: processing 37166 at https://bandcamp.com/cheifharpooner
└ @ Main /Users/pawelparadysz/Projects/bandcamp_recommendation/get_all_albums.jl:17
┌ Info: processing 37181 at https://bandcamp.com/mikemizes
└ @ Main /Users/pawelparadysz/Projects/bandcamp_recommendation/get_all_albums.jl:17
┌ Info: processing 37294 at https://bandcamp.com/dresden7
└ @ Main /Users/pawelparadysz/Projects/bandcamp_recommendation/get_all_albums.jl:17
┌ Info: processing 37338 at https://bandcamp.com/kibayashi
└ @ Main /Users/pawelparadysz/Projects/bandcamp_recommendation/get_all_albums.jl:17
┌ Info: processing 37371 at https://bandcamp.com/lionelquantin
└ @ Main /Users/pawelparadysz/Projects/bandcamp_recommendation/get_all_albums.jl:17
┌ Info: processing 37430 at https://bandcamp.com/robertkukuchka
└ @ Main /Users/pawelparadysz/Projects/bandcamp_recommendation/get_all_albums.jl:17
┌ Info: processing 37519 at https://bandcamp.com/Halko
└ @ Main /Users/pawelparadysz/Projects/bandcamp_recommendation/get_all_albums.jl:17
┌ Info: processing 37520 at https://bandcamp.com/NetCables
└ @ Main /Users/pawelparadysz/Projects/bandcamp_recommendation/get_all_albums.jl:17
┌ Info: processing 37533 at https://bandcamp.com/kidIKD
└ @ Main /Users/pawelparadysz/Projects/bandcamp_recommendation/get_all_albums.jl:17
┌ Info: processing 37569 at https://bandcamp.com/mistydemeo
└ @ Main /Users/pawelparadysz/Projects/bandcamp_recommendation/get_all_albums.jl:17
┌ Info: processing 37620 at https://bandcamp.com/epdn
└ @ Main /Users/pawelparadysz/Projects/bandcamp_recommendation/get_all_albums.jl:17
┌ Info: processing 37681 at https://bandcamp.com/magicfind
└ @ Main /Users/pawelparadysz/Projects/bandcamp_recommendation/get_all_albums.jl:17
┌ Info: processing 37829 at https://bandcamp.com/eamonncampion
└ @ Main /Users/pawelparadysz/Projects/bandcamp_recommendation/get_all_albums.jl:17
┌ Info: processing 37854 at https://bandcamp.com/problem
└ @ Main /Users/pawelparadysz/Projects/bandcamp_recommendation/get_all_albums.jl:17
┌ Info: processing 37866 at https://bandcamp.com/Dallasflac
└ @ Main /Users/pawelparadysz/Projects/bandcamp_recommendation/get_all_albums.jl:17
┌ Info: processing 38090 at https://bandcamp.com/shota
└ @ Main /Users/pawelparadysz/Projects/bandcamp_recommendation/get_all_albums.jl:17
┌ Info: processing 38321 at https://bandcamp.com/pankasper
└ @ Main /Users/pawelparadysz/Projects/bandcamp_recommendation/get_all_albums.jl:17
┌ Info: processing 38474 at https://bandcamp.com/curtislyon1
└ @ Main /Users/pawelparadysz/Projects/bandcamp_recommendation/get_all_albums.jl:17
┌ Info: processing 38500 at https://bandcamp.com/robstenson
└ @ Main /Users/pawelparadysz/Projects/bandcamp_recommendation/get_all_albums.jl:17
┌ Info: processing 38677 at https://bandcamp.com/melmoth
└ @ Main /Users/pawelparadysz/Projects/bandcamp_recommendation/get_all_albums.jl:17
┌ Info: processing 38783 at https://bandcamp.com/signalstation
└ @ Main /Users/pawelparadysz/Projects/bandcamp_recommendation/get_all_albums.jl:17
┌ Info: processing 38861 at https://bandcamp.com/TJF588
└ @ Main /Users/pawelparadysz/Projects/bandcamp_recommendation/get_all_albums.jl:17
┌ Info: processing 39008 at https://bandcamp.com/ldschoenfe
└ @ Main /Users/pawelparadysz/Projects/bandcamp_recommendation/get_all_albums.jl:17
┌ Info: processing 39114 at https://bandcamp.com/zoddman
└ @ Main /Users/pawelparadysz/Projects/bandcamp_recommendation/get_all_albums.jl:17
┌ Info: processing 39127 at https://bandcamp.com/cwiis
└ @ Main /Users/pawelparadysz/Projects/bandcamp_recommendation/get_all_albums.jl:17
┌ Info: processing 39374 at https://bandcamp.com/masterflash
└ @ Main /Users/pawelparadysz/Projects/bandcamp_recommendation/get_all_albums.jl:17
┌ Info: processing 39700 at https://bandcamp.com/zycker
└ @ Main /Users/pawelparadysz/Projects/bandcamp_recommendation/get_all_albums.jl:17
┌ Info: processing 39895 at https://bandcamp.com/neptune
└ @ Main /Users/pawelparadysz/Projects/bandcamp_recommendation/get_all_albums.jl:17
┌ Info: processing 39923 at https://bandcamp.com/Evan-M
└ @ Main /Users/pawelparadysz/Projects/bandcamp_recommendation/get_all_albums.jl:17
┌ Info: processing 40094 at https://bandcamp.com/redraven
└ @ Main /Users/pawelparadysz/Projects/bandcamp_recommendation/get_all_albums.jl:17
┌ Info: processing 40135 at https://bandcamp.com/toxic_al
└ @ Main /Users/pawelparadysz/Projects/bandcamp_recommendation/get_all_albums.jl:17
┌ Info: processing 40459 at https://bandcamp.com/justinrogers
└ @ Main /Users/pawelparadysz/Projects/bandcamp_recommendation/get_all_albums.jl:17
┌ Info: processing 40514 at https://bandcamp.com/jamespaul
└ @ Main /Users/pawelparadysz/Projects/bandcamp_recommendation/get_all_albums.jl:17
┌ Info: processing 40759 at https://bandcamp.com/gikogikopong
└ @ Main /Users/pawelparadysz/Projects/bandcamp_recommendation/get_all_albums.jl:17
┌ Info: processing 40937 at https://bandcamp.com/ch3n3
└ @ Main /Users/pawelparadysz/Projects/bandcamp_recommendation/get_all_albums.jl:17
┌ Info: processing 41075 at https://bandcamp.com/broke
└ @ Main /Users/pawelparadysz/Projects/bandcamp_recommendation/get_all_albums.jl:17
┌ Info: processing 41189 at https://bandcamp.com/lionelmyles
└ @ Main /Users/pawelparadysz/Projects/bandcamp_recommendation/get_all_albums.jl:17
┌ Info: processing 41224 at https://bandcamp.com/beastbox
└ @ Main /Users/pawelparadysz/Projects/bandcamp_recommendation/get_all_albums.jl:17
┌ Info: processing 41379 at https://bandcamp.com/mattjporteous
└ @ Main /Users/pawelparadysz/Projects/bandcamp_recommendation/get_all_albums.jl:17
┌ Info: processing 41484 at https://bandcamp.com/grawly
└ @ Main /Users/pawelparadysz/Projects/bandcamp_recommendation/get_all_albums.jl:17
┌ Info: processing 41534 at https://bandcamp.com/vinn
└ @ Main /Users/pawelparadysz/Projects/bandcamp_recommendation/get_all_albums.jl:17
┌ Info: processing 41799 at https://bandcamp.com/Dabza
└ @ Main /Users/pawelparadysz/Projects/bandcamp_recommendation/get_all_albums.jl:17
┌ Info: processing 41851 at https://bandcamp.com/smurkcs-
└ @ Main /Users/pawelparadysz/Projects/bandcamp_recommendation/get_all_albums.jl:17
┌ Info: processing 41919 at https://bandcamp.com/howkei
└ @ Main /Users/pawelparadysz/Projects/bandcamp_recommendation/get_all_albums.jl:17
┌ Info: processing 42016 at https://bandcamp.com/cheese
└ @ Main /Users/pawelparadysz/Projects/bandcamp_recommendation/get_all_albums.jl:17
┌ Info: processing 42047 at https://bandcamp.com/arc_logic
└ @ Main /Users/pawelparadysz/Projects/bandcamp_recommendation/get_all_albums.jl:17
┌ Info: processing 42062 at https://bandcamp.com/grzegorzw
└ @ Main /Users/pawelparadysz/Projects/bandcamp_recommendation/get_all_albums.jl:17
┌ Info: processing 42196 at https://bandcamp.com/ThomasArmada23
└ @ Main /Users/pawelparadysz/Projects/bandcamp_recommendation/get_all_albums.jl:17
┌ Info: processing 42230 at https://bandcamp.com/squelchy
└ @ Main /Users/pawelparadysz/Projects/bandcamp_recommendation/get_all_albums.jl:17
┌ Info: processing 42334 at https://bandcamp.com/huberific
└ @ Main /Users/pawelparadysz/Projects/bandcamp_recommendation/get_all_albums.jl:17
┌ Info: processing 42589 at https://bandcamp.com/Ngwa
└ @ Main /Users/pawelparadysz/Projects/bandcamp_recommendation/get_all_albums.jl:17
┌ Info: processing 42598 at https://bandcamp.com/akkiyest
└ @ Main /Users/pawelparadysz/Projects/bandcamp_recommendation/get_all_albums.jl:17
┌ Info: processing 42618 at https://bandcamp.com/loopycoopy
└ @ Main /Users/pawelparadysz/Projects/bandcamp_recommendation/get_all_albums.jl:17
┌ Info: processing 42652 at https://bandcamp.com/manakabab
└ @ Main /Users/pawelparadysz/Projects/bandcamp_recommendation/get_all_albums.jl:17
┌ Info: processing 42694 at https://bandcamp.com/zuruma
└ @ Main /Users/pawelparadysz/Projects/bandcamp_recommendation/get_all_albums.jl:17
┌ Info: processing 42736 at https://bandcamp.com/bryanwilkens
└ @ Main /Users/pawelparadysz/Projects/bandcamp_recommendation/get_all_albums.jl:17
┌ Info: processing 42776 at https://bandcamp.com/dylangaines
└ @ Main /Users/pawelparadysz/Projects/bandcamp_recommendation/get_all_albums.jl:17
┌ Info: processing 42783 at https://bandcamp.com/colonyrecords
└ @ Main /Users/pawelparadysz/Projects/bandcamp_recommendation/get_all_albums.jl:17
┌ Info: processing 42793 at https://bandcamp.com/emile2000
└ @ Main /Users/pawelparadysz/Projects/bandcamp_recommendation/get_all_albums.jl:17
┌ Info: processing 43004 at https://bandcamp.com/emphyrio
└ @ Main /Users/pawelparadysz/Projects/bandcamp_recommendation/get_all_albums.jl:17
┌ Info: processing 43183 at https://bandcamp.com/psycotheory
└ @ Main /Users/pawelparadysz/Projects/bandcamp_recommendation/get_all_albums.jl:17
┌ Info: processing 43248 at https://bandcamp.com/alboh
└ @ Main /Users/pawelparadysz/Projects/bandcamp_recommendation/get_all_albums.jl:17
┌ Info: processing 43300 at https://bandcamp.com/avx
└ @ Main /Users/pawelparadysz/Projects/bandcamp_recommendation/get_all_albums.jl:17
┌ Info: processing 43347 at https://bandcamp.com/cabremic
└ @ Main /Users/pawelparadysz/Projects/bandcamp_recommendation/get_all_albums.jl:17
┌ Info: processing 43445 at https://bandcamp.com/blahblahgoals
└ @ Main /Users/pawelparadysz/Projects/bandcamp_recommendation/get_all_albums.jl:17
┌ Info: processing 43459 at https://bandcamp.com/fritzendugan
└ @ Main /Users/pawelparadysz/Projects/bandcamp_recommendation/get_all_albums.jl:17
┌ Info: processing 43522 at https://bandcamp.com/dolphinhj
└ @ Main /Users/pawelparadysz/Projects/bandcamp_recommendation/get_all_albums.jl:17
┌ Info: processing 43539 at https://bandcamp.com/naoaki
└ @ Main /Users/pawelparadysz/Projects/bandcamp_recommendation/get_all_albums.jl:17
┌ Info: processing 43732 at https://bandcamp.com/musashi219
└ @ Main /Users/pawelparadysz/Projects/bandcamp_recommendation/get_all_albums.jl:17
┌ Info: processing 43738 at https://bandcamp.com/dahlialip
└ @ Main /Users/pawelparadysz/Projects/bandcamp_recommendation/get_all_albums.jl:17
┌ Info: processing 43906 at https://bandcamp.com/pliffgrieff
└ @ Main /Users/pawelparadysz/Projects/bandcamp_recommendation/get_all_albums.jl:17
┌ Info: processing 43979 at https://bandcamp.com/Calactus
└ @ Main /Users/pawelparadysz/Projects/bandcamp_recommendation/get_all_albums.jl:17
┌ Info: processing 44129 at https://bandcamp.com/xenocrash
└ @ Main /Users/pawelparadysz/Projects/bandcamp_recommendation/get_all_albums.jl:17
┌ Info: processing 44170 at https://bandcamp.com/groggi
└ @ Main /Users/pawelparadysz/Projects/bandcamp_recommendation/get_all_albums.jl:17
┌ Info: processing 44395 at https://bandcamp.com/cittura
└ @ Main /Users/pawelparadysz/Projects/bandcamp_recommendation/get_all_albums.jl:17
┌ Info: processing 44483 at https://bandcamp.com/joeross
└ @ Main /Users/pawelparadysz/Projects/bandcamp_recommendation/get_all_albums.jl:17
┌ Info: processing 44605 at https://bandcamp.com/iriswasapupil
└ @ Main /Users/pawelparadysz/Projects/bandcamp_recommendation/get_all_albums.jl:17
┌ Info: processing 44639 at https://bandcamp.com/alexgespa
└ @ Main /Users/pawelparadysz/Projects/bandcamp_recommendation/get_all_albums.jl:17
┌ Info: processing 44670 at https://bandcamp.com/logjac
└ @ Main /Users/pawelparadysz/Projects/bandcamp_recommendation/get_all_albums.jl:17
┌ Info: processing 44676 at https://bandcamp.com/cantocomics
└ @ Main /Users/pawelparadysz/Projects/bandcamp_recommendation/get_all_albums.jl:17
┌ Info: processing 44703 at https://bandcamp.com/churchb33
└ @ Main /Users/pawelparadysz/Projects/bandcamp_recommendation/get_all_albums.jl:17
┌ Info: processing 44712 at https://bandcamp.com/envision
└ @ Main /Users/pawelparadysz/Projects/bandcamp_recommendation/get_all_albums.jl:17
┌ Info: processing 44770 at https://bandcamp.com/haf
└ @ Main /Users/pawelparadysz/Projects/bandcamp_recommendation/get_all_albums.jl:17
┌ Info: processing 45084 at https://bandcamp.com/suttonmitchell
└ @ Main /Users/pawelparadysz/Projects/bandcamp_recommendation/get_all_albums.jl:17
┌ Info: processing 45244 at https://bandcamp.com/123456787654321
└ @ Main /Users/pawelparadysz/Projects/bandcamp_recommendation/get_all_albums.jl:17
┌ Info: processing 45369 at https://bandcamp.com/andrewmandula
└ @ Main /Users/pawelparadysz/Projects/bandcamp_recommendation/get_all_albums.jl:17
┌ Info: processing 45394 at https://bandcamp.com/paulwarner
└ @ Main /Users/pawelparadysz/Projects/bandcamp_recommendation/get_all_albums.jl:17
┌ Info: processing 45538 at https://bandcamp.com/rochesterloft
└ @ Main /Users/pawelparadysz/Projects/bandcamp_recommendation/get_all_albums.jl:17
┌ Info: processing 45591 at https://bandcamp.com/Labeau
└ @ Main /Users/pawelparadysz/Projects/bandcamp_recommendation/get_all_albums.jl:17
┌ Info: processing 45593 at https://bandcamp.com/panman
└ @ Main /Users/pawelparadysz/Projects/bandcamp_recommendation/get_all_albums.jl:17
┌ Info: processing 45595 at https://bandcamp.com/Nevernaught
└ @ Main /Users/pawelparadysz/Projects/bandcamp_recommendation/get_all_albums.jl:17
┌ Info: processing 45619 at https://bandcamp.com/tyrrellica
└ @ Main /Users/pawelparadysz/Projects/bandcamp_recommendation/get_all_albums.jl:17
┌ Info: processing 45727 at https://bandcamp.com/josephgabel
└ @ Main /Users/pawelparadysz/Projects/bandcamp_recommendation/get_all_albums.jl:17
┌ Info: processing 45843 at https://bandcamp.com/marcmonticelli
└ @ Main /Users/pawelparadysz/Projects/bandcamp_recommendation/get_all_albums.jl:17
┌ Info: processing 45944 at https://bandcamp.com/kamikaze6854
└ @ Main /Users/pawelparadysz/Projects/bandcamp_recommendation/get_all_albums.jl:17
┌ Info: processing 45984 at https://bandcamp.com/itwasalladream
└ @ Main /Users/pawelparadysz/Projects/bandcamp_recommendation/get_all_albums.jl:17
┌ Info: processing 46114 at https://bandcamp.com/manmojack
└ @ Main /Users/pawelparadysz/Projects/bandcamp_recommendation/get_all_albums.jl:17
┌ Info: processing 46189 at https://bandcamp.com/conga
└ @ Main /Users/pawelparadysz/Projects/bandcamp_recommendation/get_all_albums.jl:17
┌ Info: processing 46255 at https://bandcamp.com/oversizedjacket
└ @ Main /Users/pawelparadysz/Projects/bandcamp_recommendation/get_all_albums.jl:17
┌ Info: processing 46360 at https://bandcamp.com/astral_sound
└ @ Main /Users/pawelparadysz/Projects/bandcamp_recommendation/get_all_albums.jl:17
┌ Info: processing 46382 at https://bandcamp.com/lordspeed
└ @ Main /Users/pawelparadysz/Projects/bandcamp_recommendation/get_all_albums.jl:17
┌ Info: processing 46496 at https://bandcamp.com/jetboi08
└ @ Main /Users/pawelparadysz/Projects/bandcamp_recommendation/get_all_albums.jl:17
┌ Info: processing 46508 at https://bandcamp.com/illslur
└ @ Main /Users/pawelparadysz/Projects/bandcamp_recommendation/get_all_albums.jl:17
┌ Info: processing 46806 at https://bandcamp.com/akiko_saito
└ @ Main /Users/pawelparadysz/Projects/bandcamp_recommendation/get_all_albums.jl:17
┌ Info: processing 47125 at https://bandcamp.com/kkk14
└ @ Main /Users/pawelparadysz/Projects/bandcamp_recommendation/get_all_albums.jl:17
┌ Info: processing 47290 at https://bandcamp.com/vikxin
└ @ Main /Users/pawelparadysz/Projects/bandcamp_recommendation/get_all_albums.jl:17
┌ Info: processing 47355 at https://bandcamp.com/cooooouk
└ @ Main /Users/pawelparadysz/Projects/bandcamp_recommendation/get_all_albums.jl:17
┌ Info: processing 47412 at https://bandcamp.com/RegisPhilburn
└ @ Main /Users/pawelparadysz/Projects/bandcamp_recommendation/get_all_albums.jl:17
┌ Info: processing 47674 at https://bandcamp.com/dannylebsock
└ @ Main /Users/pawelparadysz/Projects/bandcamp_recommendation/get_all_albums.jl:17
┌ Info: processing 47689 at https://bandcamp.com/andyturner
└ @ Main /Users/pawelparadysz/Projects/bandcamp_recommendation/get_all_albums.jl:17
┌ Info: processing 47720 at https://bandcamp.com/Catsplosion
└ @ Main /Users/pawelparadysz/Projects/bandcamp_recommendation/get_all_albums.jl:17
┌ Info: processing 47725 at https://bandcamp.com/chrisslowinski
└ @ Main /Users/pawelparadysz/Projects/bandcamp_recommendation/get_all_albums.jl:17
┌ Info: processing 47778 at https://bandcamp.com/default
└ @ Main /Users/pawelparadysz/Projects/bandcamp_recommendation/get_all_albums.jl:17
┌ Info: processing 47817 at https://bandcamp.com/bellsong
└ @ Main /Users/pawelparadysz/Projects/bandcamp_recommendation/get_all_albums.jl:17
┌ Info: processing 47869 at https://bandcamp.com/gregelkin
└ @ Main /Users/pawelparadysz/Projects/bandcamp_recommendation/get_all_albums.jl:17
┌ Info: processing 47937 at https://bandcamp.com/sudo
└ @ Main /Users/pawelparadysz/Projects/bandcamp_recommendation/get_all_albums.jl:17
┌ Info: processing 48064 at https://bandcamp.com/punkj
└ @ Main /Users/pawelparadysz/Projects/bandcamp_recommendation/get_all_albums.jl:17
┌ Info: processing 48077 at https://bandcamp.com/keenanfield
└ @ Main /Users/pawelparadysz/Projects/bandcamp_recommendation/get_all_albums.jl:17
┌ Info: processing 48156 at https://bandcamp.com/cornfrosty
└ @ Main /Users/pawelparadysz/Projects/bandcamp_recommendation/get_all_albums.jl:17
┌ Info: processing 48240 at https://bandcamp.com/timskow
└ @ Main /Users/pawelparadysz/Projects/bandcamp_recommendation/get_all_albums.jl:17
┌ Info: processing 48299 at https://bandcamp.com/stvmlly
└ @ Main /Users/pawelparadysz/Projects/bandcamp_recommendation/get_all_albums.jl:17
┌ Info: processing 48439 at https://bandcamp.com/yuritomanek
└ @ Main /Users/pawelparadysz/Projects/bandcamp_recommendation/get_all_albums.jl:17
┌ Info: processing 48492 at https://bandcamp.com/studiocatch
└ @ Main /Users/pawelparadysz/Projects/bandcamp_recommendation/get_all_albums.jl:17
┌ Info: processing 48559 at https://bandcamp.com/hjk
└ @ Main /Users/pawelparadysz/Projects/bandcamp_recommendation/get_all_albums.jl:17
┌ Info: processing 48609 at https://bandcamp.com/mattiajensbonomi
└ @ Main /Users/pawelparadysz/Projects/bandcamp_recommendation/get_all_albums.jl:17
┌ Info: processing 48627 at https://bandcamp.com/oldskooldeathjunkie666
└ @ Main /Users/pawelparadysz/Projects/bandcamp_recommendation/get_all_albums.jl:17
┌ Info: processing 48762 at https://bandcamp.com/evansnyder
└ @ Main /Users/pawelparadysz/Projects/bandcamp_recommendation/get_all_albums.jl:17
┌ Info: processing 48794 at https://bandcamp.com/marcocollins
└ @ Main /Users/pawelparadysz/Projects/bandcamp_recommendation/get_all_albums.jl:17
┌ Info: processing 48805 at https://bandcamp.com/mechanicoid
└ @ Main /Users/pawelparadysz/Projects/bandcamp_recommendation/get_all_albums.jl:17
┌ Info: processing 48881 at https://bandcamp.com/smut
└ @ Main /Users/pawelparadysz/Projects/bandcamp_recommendation/get_all_albums.jl:17
┌ Info: processing 48907 at https://bandcamp.com/slackbladder
└ @ Main /Users/pawelparadysz/Projects/bandcamp_recommendation/get_all_albums.jl:17
┌ Info: processing 49012 at https://bandcamp.com/rtrumbone
└ @ Main /Users/pawelparadysz/Projects/bandcamp_recommendation/get_all_albums.jl:17
┌ Info: processing 49177 at https://bandcamp.com/niclas
└ @ Main /Users/pawelparadysz/Projects/bandcamp_recommendation/get_all_albums.jl:17
┌ Info: processing 49237 at https://bandcamp.com/PowerFusion
└ @ Main /Users/pawelparadysz/Projects/bandcamp_recommendation/get_all_albums.jl:17
┌ Info: processing 49269 at https://bandcamp.com/_me1oso
└ @ Main /Users/pawelparadysz/Projects/bandcamp_recommendation/get_all_albums.jl:17
┌ Info: processing 49563 at https://bandcamp.com/sandell
└ @ Main /Users/pawelparadysz/Projects/bandcamp_recommendation/get_all_albums.jl:17
┌ Info: processing 49721 at https://bandcamp.com/jessehodson
└ @ Main /Users/pawelparadysz/Projects/bandcamp_recommendation/get_all_albums.jl:17
┌ Info: processing 49942 at https://bandcamp.com/battymarionette
└ @ Main /Users/pawelparadysz/Projects/bandcamp_recommendation/get_all_albums.jl:17
┌ Info: processing 50000 at https://bandcamp.com/mr_brinks
└ @ Main /Users/pawelparadysz/Projects/bandcamp_recommendation/get_all_albums.jl:17
┌ Info: processing 50024 at https://bandcamp.com/guynoble
└ @ Main /Users/pawelparadysz/Projects/bandcamp_recommendation/get_all_albums.jl:17
┌ Info: processing 50029 at https://bandcamp.com/williambelmont
└ @ Main /Users/pawelparadysz/Projects/bandcamp_recommendation/get_all_albums.jl:17
┌ Info: processing 50031 at https://bandcamp.com/daboodamonk
└ @ Main /Users/pawelparadysz/Projects/bandcamp_recommendation/get_all_albums.jl:17
┌ Info: processing 50675 at https://bandcamp.com/ayadox
└ @ Main /Users/pawelparadysz/Projects/bandcamp_recommendation/get_all_albums.jl:17
┌ Info: processing 50679 at https://bandcamp.com/csoti
└ @ Main /Users/pawelparadysz/Projects/bandcamp_recommendation/get_all_albums.jl:17
┌ Info: processing 50752 at https://bandcamp.com/e_dot_n_dot_c_dot
└ @ Main /Users/pawelparadysz/Projects/bandcamp_recommendation/get_all_albums.jl:17
┌ Info: processing 50784 at https://bandcamp.com/superhobbit
└ @ Main /Users/pawelparadysz/Projects/bandcamp_recommendation/get_all_albums.jl:17
┌ Info: processing 50811 at https://bandcamp.com/qhudspeth
└ @ Main /Users/pawelparadysz/Projects/bandcamp_recommendation/get_all_albums.jl:17
┌ Info: processing 50865 at https://bandcamp.com/matthewwoodman
└ @ Main /Users/pawelparadysz/Projects/bandcamp_recommendation/get_all_albums.jl:17
┌ Info: processing 50889 at https://bandcamp.com/buster
└ @ Main /Users/pawelparadysz/Projects/bandcamp_recommendation/get_all_albums.jl:17
┌ Info: processing 51030 at https://bandcamp.com/ziggychrist
└ @ Main /Users/pawelparadysz/Projects/bandcamp_recommendation/get_all_albums.jl:17
┌ Info: processing 51052 at https://bandcamp.com/sarigenaginger
└ @ Main /Users/pawelparadysz/Projects/bandcamp_recommendation/get_all_albums.jl:17
┌ Info: processing 51058 at https://bandcamp.com/christopherwunderlich
└ @ Main /Users/pawelparadysz/Projects/bandcamp_recommendation/get_all_albums.jl:17
┌ Info: processing 51079 at https://bandcamp.com/darrensmooth
└ @ Main /Users/pawelparadysz/Projects/bandcamp_recommendation/get_all_albums.jl:17
┌ Info: processing 51284 at https://bandcamp.com/k1dman
└ @ Main /Users/pawelparadysz/Projects/bandcamp_recommendation/get_all_albums.jl:17
┌ Info: processing 51289 at https://bandcamp.com/dharba
└ @ Main /Users/pawelparadysz/Projects/bandcamp_recommendation/get_all_albums.jl:17
┌ Info: processing 51341 at https://bandcamp.com/elliottwallace
└ @ Main /Users/pawelparadysz/Projects/bandcamp_recommendation/get_all_albums.jl:17
┌ Info: processing 51358 at https://bandcamp.com/captainersatz
└ @ Main /Users/pawelparadysz/Projects/bandcamp_recommendation/get_all_albums.jl:17
┌ Info: processing 51476 at https://bandcamp.com/azereus
└ @ Main /Users/pawelparadysz/Projects/bandcamp_recommendation/get_all_albums.jl:17
┌ Info: processing 51499 at https://bandcamp.com/giorgos
└ @ Main /Users/pawelparadysz/Projects/bandcamp_recommendation/get_all_albums.jl:17
┌ Info: processing 51537 at https://bandcamp.com/radiomaloha
└ @ Main /Users/pawelparadysz/Projects/bandcamp_recommendation/get_all_albums.jl:17
┌ Info: processing 51833 at https://bandcamp.com/lechuck
└ @ Main /Users/pawelparadysz/Projects/bandcamp_recommendation/get_all_albums.jl:17
┌ Info: processing 52036 at https://bandcamp.com/kirbyfreak
└ @ Main /Users/pawelparadysz/Projects/bandcamp_recommendation/get_all_albums.jl:17
┌ Info: processing 52122 at https://bandcamp.com/cagoule
└ @ Main /Users/pawelparadysz/Projects/bandcamp_recommendation/get_all_albums.jl:17
┌ Info: processing 52149 at https://bandcamp.com/myke
└ @ Main /Users/pawelparadysz/Projects/bandcamp_recommendation/get_all_albums.jl:17
┌ Info: processing 52176 at https://bandcamp.com/smsmth
└ @ Main /Users/pawelparadysz/Projects/bandcamp_recommendation/get_all_albums.jl:17
┌ Info: processing 52181 at https://bandcamp.com/askorbyk
└ @ Main /Users/pawelparadysz/Projects/bandcamp_recommendation/get_all_albums.jl:17
┌ Info: processing 52307 at https://bandcamp.com/gberg
└ @ Main /Users/pawelparadysz/Projects/bandcamp_recommendation/get_all_albums.jl:17
┌ Info: processing 52452 at https://bandcamp.com/ianvince
└ @ Main /Users/pawelparadysz/Projects/bandcamp_recommendation/get_all_albums.jl:17
┌ Info: processing 52550 at https://bandcamp.com/cholerajim
└ @ Main /Users/pawelparadysz/Projects/bandcamp_recommendation/get_all_albums.jl:17
┌ Info: processing 52644 at https://bandcamp.com/nkjordan23
└ @ Main /Users/pawelparadysz/Projects/bandcamp_recommendation/get_all_albums.jl:17
┌ Info: processing 52758 at https://bandcamp.com/omgmyface
└ @ Main /Users/pawelparadysz/Projects/bandcamp_recommendation/get_all_albums.jl:17
┌ Info: processing 52785 at https://bandcamp.com/oddbeat
└ @ Main /Users/pawelparadysz/Projects/bandcamp_recommendation/get_all_albums.jl:17
┌ Info: processing 52845 at https://bandcamp.com/georgeking
└ @ Main /Users/pawelparadysz/Projects/bandcamp_recommendation/get_all_albums.jl:17
┌ Info: processing 53000 at https://bandcamp.com/lostmatt
└ @ Main /Users/pawelparadysz/Projects/bandcamp_recommendation/get_all_albums.jl:17
┌ Info: processing 53055 at https://bandcamp.com/Calicofrost
└ @ Main /Users/pawelparadysz/Projects/bandcamp_recommendation/get_all_albums.jl:17
┌ Info: processing 53064 at https://bandcamp.com/openmyheadache
└ @ Main /Users/pawelparadysz/Projects/bandcamp_recommendation/get_all_albums.jl:17
┌ Info: processing 53357 at https://bandcamp.com/jpp
└ @ Main /Users/pawelparadysz/Projects/bandcamp_recommendation/get_all_albums.jl:17
┌ Info: processing 53392 at https://bandcamp.com/ants
└ @ Main /Users/pawelparadysz/Projects/bandcamp_recommendation/get_all_albums.jl:17
┌ Info: processing 53468 at https://bandcamp.com/theshillito
└ @ Main /Users/pawelparadysz/Projects/bandcamp_recommendation/get_all_albums.jl:17
┌ Info: processing 53568 at https://bandcamp.com/sensecrosser
└ @ Main /Users/pawelparadysz/Projects/bandcamp_recommendation/get_all_albums.jl:17
┌ Info: processing 53667 at https://bandcamp.com/jackholexxxx
└ @ Main /Users/pawelparadysz/Projects/bandcamp_recommendation/get_all_albums.jl:17
┌ Info: processing 53670 at https://bandcamp.com/str8ballin
└ @ Main /Users/pawelparadysz/Projects/bandcamp_recommendation/get_all_albums.jl:17
┌ Info: processing 53703 at https://bandcamp.com/JerOhm
└ @ Main /Users/pawelparadysz/Projects/bandcamp_recommendation/get_all_albums.jl:17
┌ Info: processing 53709 at https://bandcamp.com/tuss4
└ @ Main /Users/pawelparadysz/Projects/bandcamp_recommendation/get_all_albums.jl:17
┌ Info: processing 53714 at https://bandcamp.com/greay
└ @ Main /Users/pawelparadysz/Projects/bandcamp_recommendation/get_all_albums.jl:17
┌ Info: processing 53762 at https://bandcamp.com/madpet
└ @ Main /Users/pawelparadysz/Projects/bandcamp_recommendation/get_all_albums.jl:17
┌ Info: processing 54261 at https://bandcamp.com/christianlittle
└ @ Main /Users/pawelparadysz/Projects/bandcamp_recommendation/get_all_albums.jl:17
┌ Info: processing 54382 at https://bandcamp.com/kemuri07
└ @ Main /Users/pawelparadysz/Projects/bandcamp_recommendation/get_all_albums.jl:17
┌ Info: processing 54451 at https://bandcamp.com/irvinrojas
└ @ Main /Users/pawelparadysz/Projects/bandcamp_recommendation/get_all_albums.jl:17
┌ Info: processing 54572 at https://bandcamp.com/ottokar
└ @ Main /Users/pawelparadysz/Projects/bandcamp_recommendation/get_all_albums.jl:17
┌ Info: processing 54784 at https://bandcamp.com/dannynight
└ @ Main /Users/pawelparadysz/Projects/bandcamp_recommendation/get_all_albums.jl:17
┌ Info: processing 54895 at https://bandcamp.com/aeden
└ @ Main /Users/pawelparadysz/Projects/bandcamp_recommendation/get_all_albums.jl:17
┌ Info: processing 54959 at https://bandcamp.com/TheBlend
└ @ Main /Users/pawelparadysz/Projects/bandcamp_recommendation/get_all_albums.jl:17
┌ Info: processing 55123 at https://bandcamp.com/victorzuylen
└ @ Main /Users/pawelparadysz/Projects/bandcamp_recommendation/get_all_albums.jl:17
┌ Info: processing 55151 at https://bandcamp.com/urms
└ @ Main /Users/pawelparadysz/Projects/bandcamp_recommendation/get_all_albums.jl:17
┌ Info: processing 55295 at https://bandcamp.com/mentalbuffey
└ @ Main /Users/pawelparadysz/Projects/bandcamp_recommendation/get_all_albums.jl:17
┌ Info: processing 55402 at https://bandcamp.com/themonkofdestiny
└ @ Main /Users/pawelparadysz/Projects/bandcamp_recommendation/get_all_albums.jl:17
┌ Info: processing 55666 at https://bandcamp.com/ranchero4vida
└ @ Main /Users/pawelparadysz/Projects/bandcamp_recommendation/get_all_albums.jl:17
┌ Info: processing 55667 at https://bandcamp.com/ernestcello
└ @ Main /Users/pawelparadysz/Projects/bandcamp_recommendation/get_all_albums.jl:17
┌ Info: processing 55915 at https://bandcamp.com/sbz42
└ @ Main /Users/pawelparadysz/Projects/bandcamp_recommendation/get_all_albums.jl:17
┌ Info: processing 56143 at https://bandcamp.com/StratManKudzu
└ @ Main /Users/pawelparadysz/Projects/bandcamp_recommendation/get_all_albums.jl:17
┌ Info: processing 56353 at https://bandcamp.com/christophernice
└ @ Main /Users/pawelparadysz/Projects/bandcamp_recommendation/get_all_albums.jl:17
┌ Info: processing 56580 at https://bandcamp.com/jasemc
└ @ Main /Users/pawelparadysz/Projects/bandcamp_recommendation/get_all_albums.jl:17
┌ Info: processing 56629 at https://bandcamp.com/Higepiyo
└ @ Main /Users/pawelparadysz/Projects/bandcamp_recommendation/get_all_albums.jl:17
┌ Info: processing 56743 at https://bandcamp.com/lilsavvy
└ @ Main /Users/pawelparadysz/Projects/bandcamp_recommendation/get_all_albums.jl:17
┌ Info: processing 56754 at https://bandcamp.com/Clouder
└ @ Main /Users/pawelparadysz/Projects/bandcamp_recommendation/get_all_albums.jl:17
┌ Info: processing 56950 at https://bandcamp.com/alexbard
└ @ Main /Users/pawelparadysz/Projects/bandcamp_recommendation/get_all_albums.jl:17
┌ Info: processing 57014 at https://bandcamp.com/ehSteve
└ @ Main /Users/pawelparadysz/Projects/bandcamp_recommendation/get_all_albums.jl:17
┌ Info: processing 57065 at https://bandcamp.com/niadyn
└ @ Main /Users/pawelparadysz/Projects/bandcamp_recommendation/get_all_albums.jl:17
┌ Info: processing 57497 at https://bandcamp.com/audiovisionz
└ @ Main /Users/pawelparadysz/Projects/bandcamp_recommendation/get_all_albums.jl:17
┌ Info: processing 57585 at https://bandcamp.com/markwoods
└ @ Main /Users/pawelparadysz/Projects/bandcamp_recommendation/get_all_albums.jl:17
┌ Info: processing 57626 at https://bandcamp.com/mpm514
└ @ Main /Users/pawelparadysz/Projects/bandcamp_recommendation/get_all_albums.jl:17
┌ Info: processing 57694 at https://bandcamp.com/brandymanjoe
└ @ Main /Users/pawelparadysz/Projects/bandcamp_recommendation/get_all_albums.jl:17
┌ Info: processing 57729 at https://bandcamp.com/joshkorwin
└ @ Main /Users/pawelparadysz/Projects/bandcamp_recommendation/get_all_albums.jl:17
┌ Info: processing 57824 at https://bandcamp.com/TheToiletDuck
└ @ Main /Users/pawelparadysz/Projects/bandcamp_recommendation/get_all_albums.jl:17
┌ Info: processing 58038 at https://bandcamp.com/richardlewis
└ @ Main /Users/pawelparadysz/Projects/bandcamp_recommendation/get_all_albums.jl:17
┌ Info: processing 58194 at https://bandcamp.com/karimNDM
└ @ Main /Users/pawelparadysz/Projects/bandcamp_recommendation/get_all_albums.jl:17
┌ Info: processing 58215 at https://bandcamp.com/Valyrie
└ @ Main /Users/pawelparadysz/Projects/bandcamp_recommendation/get_all_albums.jl:17
┌ Info: processing 58282 at https://bandcamp.com/tsuu_gaku
└ @ Main /Users/pawelparadysz/Projects/bandcamp_recommendation/get_all_albums.jl:17
┌ Info: processing 58469 at https://bandcamp.com/lewkas
└ @ Main /Users/pawelparadysz/Projects/bandcamp_recommendation/get_all_albums.jl:17
┌ Info: processing 58757 at https://bandcamp.com/heypav
└ @ Main /Users/pawelparadysz/Projects/bandcamp_recommendation/get_all_albums.jl:17
┌ Info: processing 58924 at https://bandcamp.com/darkdom
└ @ Main /Users/pawelparadysz/Projects/bandcamp_recommendation/get_all_albums.jl:17
┌ Info: processing 59059 at https://bandcamp.com/nedrekuskerud
└ @ Main /Users/pawelparadysz/Projects/bandcamp_recommendation/get_all_albums.jl:17
┌ Info: processing 59279 at https://bandcamp.com/kurtjensen
└ @ Main /Users/pawelparadysz/Projects/bandcamp_recommendation/get_all_albums.jl:17
┌ Info: processing 59292 at https://bandcamp.com/ceanji
└ @ Main /Users/pawelparadysz/Projects/bandcamp_recommendation/get_all_albums.jl:17
┌ Info: processing 59489 at https://bandcamp.com/brutaka809
└ @ Main /Users/pawelparadysz/Projects/bandcamp_recommendation/get_all_albums.jl:17
┌ Info: processing 59509 at https://bandcamp.com/alexebra
└ @ Main /Users/pawelparadysz/Projects/bandcamp_recommendation/get_all_albums.jl:17
┌ Info: processing 59728 at https://bandcamp.com/VNVObit
└ @ Main /Users/pawelparadysz/Projects/bandcamp_recommendation/get_all_albums.jl:17
┌ Info: processing 59760 at https://bandcamp.com/sssssh
└ @ Main /Users/pawelparadysz/Projects/bandcamp_recommendation/get_all_albums.jl:17
┌ Info: processing 59853 at https://bandcamp.com/julianpalmer
└ @ Main /Users/pawelparadysz/Projects/bandcamp_recommendation/get_all_albums.jl:17
┌ Info: processing 59861 at https://bandcamp.com/djibz
└ @ Main /Users/pawelparadysz/Projects/bandcamp_recommendation/get_all_albums.jl:17
┌ Info: processing 59872 at https://bandcamp.com/PikuAsakura
└ @ Main /Users/pawelparadysz/Projects/bandcamp_recommendation/get_all_albums.jl:17
┌ Info: processing 60240 at https://bandcamp.com/videothrone
└ @ Main /Users/pawelparadysz/Projects/bandcamp_recommendation/get_all_albums.jl:17
┌ Info: processing 60245 at https://bandcamp.com/robotic-movement
└ @ Main /Users/pawelparadysz/Projects/bandcamp_recommendation/get_all_albums.jl:17
┌ Info: processing 60329 at https://bandcamp.com/cherrydragon
└ @ Main /Users/pawelparadysz/Projects/bandcamp_recommendation/get_all_albums.jl:17
┌ Info: processing 60395 at https://bandcamp.com/christyphillipps
└ @ Main /Users/pawelparadysz/Projects/bandcamp_recommendation/get_all_albums.jl:17
┌ Info: processing 60454 at https://bandcamp.com/goyaeyes
└ @ Main /Users/pawelparadysz/Projects/bandcamp_recommendation/get_all_albums.jl:17
┌ Info: processing 60476 at https://bandcamp.com/thebreakfastdub
└ @ Main /Users/pawelparadysz/Projects/bandcamp_recommendation/get_all_albums.jl:17
┌ Info: processing 60560 at https://bandcamp.com/walkingalongthewind
└ @ Main /Users/pawelparadysz/Projects/bandcamp_recommendation/get_all_albums.jl:17
┌ Info: processing 60694 at https://bandcamp.com/jaykayell
└ @ Main /Users/pawelparadysz/Projects/bandcamp_recommendation/get_all_albums.jl:17
┌ Info: processing 60755 at https://bandcamp.com/bambinochamploo
└ @ Main /Users/pawelparadysz/Projects/bandcamp_recommendation/get_all_albums.jl:17
┌ Info: processing 60800 at https://bandcamp.com/rikard
└ @ Main /Users/pawelparadysz/Projects/bandcamp_recommendation/get_all_albums.jl:17
┌ Info: processing 60885 at https://bandcamp.com/teufelabgott
└ @ Main /Users/pawelparadysz/Projects/bandcamp_recommendation/get_all_albums.jl:17
┌ Info: processing 61477 at https://bandcamp.com/joshuascott
└ @ Main /Users/pawelparadysz/Projects/bandcamp_recommendation/get_all_albums.jl:17
┌ Info: processing 61586 at https://bandcamp.com/mimobase
└ @ Main /Users/pawelparadysz/Projects/bandcamp_recommendation/get_all_albums.jl:17
┌ Info: processing 61667 at https://bandcamp.com/Tails_155
└ @ Main /Users/pawelparadysz/Projects/bandcamp_recommendation/get_all_albums.jl:17
┌ Info: processing 61832 at https://bandcamp.com/abct
└ @ Main /Users/pawelparadysz/Projects/bandcamp_recommendation/get_all_albums.jl:17
┌ Info: processing 61837 at https://bandcamp.com/octus
└ @ Main /Users/pawelparadysz/Projects/bandcamp_recommendation/get_all_albums.jl:17
┌ Info: processing 61925 at https://bandcamp.com/fantasticweekend
└ @ Main /Users/pawelparadysz/Projects/bandcamp_recommendation/get_all_albums.jl:17
┌ Info: processing 62163 at https://bandcamp.com/frothypint
└ @ Main /Users/pawelparadysz/Projects/bandcamp_recommendation/get_all_albums.jl:17
┌ Info: processing 62353 at https://bandcamp.com/shhparabull
└ @ Main /Users/pawelparadysz/Projects/bandcamp_recommendation/get_all_albums.jl:17
┌ Info: processing 62485 at https://bandcamp.com/alexclark
└ @ Main /Users/pawelparadysz/Projects/bandcamp_recommendation/get_all_albums.jl:17
┌ Info: processing 62530 at https://bandcamp.com/dominicmarchetti
└ @ Main /Users/pawelparadysz/Projects/bandcamp_recommendation/get_all_albums.jl:17
┌ Info: processing 62983 at https://bandcamp.com/andrej-
└ @ Main /Users/pawelparadysz/Projects/bandcamp_recommendation/get_all_albums.jl:17
┌ Info: processing 63033 at https://bandcamp.com/sidereal
└ @ Main /Users/pawelparadysz/Projects/bandcamp_recommendation/get_all_albums.jl:17
┌ Info: processing 63114 at https://bandcamp.com/music-led
└ @ Main /Users/pawelparadysz/Projects/bandcamp_recommendation/get_all_albums.jl:17
┌ Info: processing 63167 at https://bandcamp.com/ImTheYowie
└ @ Main /Users/pawelparadysz/Projects/bandcamp_recommendation/get_all_albums.jl:17
┌ Info: processing 63224 at https://bandcamp.com/stoneweather
└ @ Main /Users/pawelparadysz/Projects/bandcamp_recommendation/get_all_albums.jl:17
┌ Info: processing 63429 at https://bandcamp.com/SegaSky
└ @ Main /Users/pawelparadysz/Projects/bandcamp_recommendation/get_all_albums.jl:17
┌ Info: processing 63480 at https://bandcamp.com/hiddenpoet
└ @ Main /Users/pawelparadysz/Projects/bandcamp_recommendation/get_all_albums.jl:17
┌ Info: processing 63622 at https://bandcamp.com/masa3iidx
└ @ Main /Users/pawelparadysz/Projects/bandcamp_recommendation/get_all_albums.jl:17
┌ Info: processing 63650 at https://bandcamp.com/stinkyjim
└ @ Main /Users/pawelparadysz/Projects/bandcamp_recommendation/get_all_albums.jl:17
┌ Info: processing 63872 at https://bandcamp.com/benoitdevesse
└ @ Main /Users/pawelparadysz/Projects/bandcamp_recommendation/get_all_albums.jl:17
┌ Info: processing 63880 at https://bandcamp.com/DarkArmySoldier
└ @ Main /Users/pawelparadysz/Projects/bandcamp_recommendation/get_all_albums.jl:17
┌ Info: processing 63937 at https://bandcamp.com/oscarmedinarodriguez
└ @ Main /Users/pawelparadysz/Projects/bandcamp_recommendation/get_all_albums.jl:17
┌ Info: processing 63939 at https://bandcamp.com/jeremycailloux
└ @ Main /Users/pawelparadysz/Projects/bandcamp_recommendation/get_all_albums.jl:17
┌ Info: processing 63997 at https://bandcamp.com/tutaski
└ @ Main /Users/pawelparadysz/Projects/bandcamp_recommendation/get_all_albums.jl:17
┌ Info: processing 64025 at https://bandcamp.com/rossorossor
└ @ Main /Users/pawelparadysz/Projects/bandcamp_recommendation/get_all_albums.jl:17
┌ Info: processing 64578 at https://bandcamp.com/alanlawrey
└ @ Main /Users/pawelparadysz/Projects/bandcamp_recommendation/get_all_albums.jl:17
┌ Info: processing 64790 at https://bandcamp.com/laurentcaris
└ @ Main /Users/pawelparadysz/Projects/bandcamp_recommendation/get_all_albums.jl:17
┌ Info: processing 64813 at https://bandcamp.com/keef
└ @ Main /Users/pawelparadysz/Projects/bandcamp_recommendation/get_all_albums.jl:17
┌ Info: processing 64821 at https://bandcamp.com/neurotic_cnidarian
└ @ Main /Users/pawelparadysz/Projects/bandcamp_recommendation/get_all_albums.jl:17
┌ Info: processing 64971 at https://bandcamp.com/flintjupiter
└ @ Main /Users/pawelparadysz/Projects/bandcamp_recommendation/get_all_albums.jl:17
┌ Info: processing 65029 at https://bandcamp.com/ethereal101
└ @ Main /Users/pawelparadysz/Projects/bandcamp_recommendation/get_all_albums.jl:17
┌ Info: processing 65152 at https://bandcamp.com/blenda
└ @ Main /Users/pawelparadysz/Projects/bandcamp_recommendation/get_all_albums.jl:17
┌ Info: processing 65322 at https://bandcamp.com/robertunverzagt
└ @ Main /Users/pawelparadysz/Projects/bandcamp_recommendation/get_all_albums.jl:17
┌ Info: processing 65338 at https://bandcamp.com/febuiles
└ @ Main /Users/pawelparadysz/Projects/bandcamp_recommendation/get_all_albums.jl:17
┌ Info: processing 65525 at https://bandcamp.com/luhkah
└ @ Main /Users/pawelparadysz/Projects/bandcamp_recommendation/get_all_albums.jl:17
┌ Info: processing 65556 at https://bandcamp.com/DeadFish
└ @ Main /Users/pawelparadysz/Projects/bandcamp_recommendation/get_all_albums.jl:17
┌ Info: processing 65655 at https://bandcamp.com/liewen
└ @ Main /Users/pawelparadysz/Projects/bandcamp_recommendation/get_all_albums.jl:17
┌ Info: processing 65670 at https://bandcamp.com/Leviathan
└ @ Main /Users/pawelparadysz/Projects/bandcamp_recommendation/get_all_albums.jl:17
┌ Info: processing 65856 at https://bandcamp.com/katatsumuri
└ @ Main /Users/pawelparadysz/Projects/bandcamp_recommendation/get_all_albums.jl:17
┌ Info: processing 65880 at https://bandcamp.com/thecoyotejester
└ @ Main /Users/pawelparadysz/Projects/bandcamp_recommendation/get_all_albums.jl:17
┌ Info: processing 65928 at https://bandcamp.com/bryceeverhart
└ @ Main /Users/pawelparadysz/Projects/bandcamp_recommendation/get_all_albums.jl:17
┌ Info: processing 66065 at https://bandcamp.com/SLand
└ @ Main /Users/pawelparadysz/Projects/bandcamp_recommendation/get_all_albums.jl:17
┌ Info: processing 66132 at https://bandcamp.com/kaborso
└ @ Main /Users/pawelparadysz/Projects/bandcamp_recommendation/get_all_albums.jl:17
┌ Info: processing 66138 at https://bandcamp.com/krazov
└ @ Main /Users/pawelparadysz/Projects/bandcamp_recommendation/get_all_albums.jl:17
┌ Info: processing 66281 at https://bandcamp.com/jasontorok
└ @ Main /Users/pawelparadysz/Projects/bandcamp_recommendation/get_all_albums.jl:17
┌ Info: processing 66303 at https://bandcamp.com/sebsokk
└ @ Main /Users/pawelparadysz/Projects/bandcamp_recommendation/get_all_albums.jl:17
┌ Info: processing 66328 at https://bandcamp.com/stuartwilles
└ @ Main /Users/pawelparadysz/Projects/bandcamp_recommendation/get_all_albums.jl:17
┌ Info: processing 66338 at https://bandcamp.com/thorpig
└ @ Main /Users/pawelparadysz/Projects/bandcamp_recommendation/get_all_albums.jl:17
┌ Info: processing 66393 at https://bandcamp.com/decalko
└ @ Main /Users/pawelparadysz/Projects/bandcamp_recommendation/get_all_albums.jl:17
┌ Info: processing 66447 at https://bandcamp.com/rocdimple
└ @ Main /Users/pawelparadysz/Projects/bandcamp_recommendation/get_all_albums.jl:17
┌ Info: processing 66618 at https://bandcamp.com/metaboyism
└ @ Main /Users/pawelparadysz/Projects/bandcamp_recommendation/get_all_albums.jl:17
┌ Info: processing 66732 at https://bandcamp.com/leeshelley
└ @ Main /Users/pawelparadysz/Projects/bandcamp_recommendation/get_all_albums.jl:17
┌ Info: processing 66898 at https://bandcamp.com/orlandbeltran
└ @ Main /Users/pawelparadysz/Projects/bandcamp_recommendation/get_all_albums.jl:17
┌ Info: processing 66937 at https://bandcamp.com/spencerwarn
└ @ Main /Users/pawelparadysz/Projects/bandcamp_recommendation/get_all_albums.jl:17
┌ Info: processing 67113 at https://bandcamp.com/robertsorensen
└ @ Main /Users/pawelparadysz/Projects/bandcamp_recommendation/get_all_albums.jl:17
┌ Info: processing 67168 at https://bandcamp.com/draders
└ @ Main /Users/pawelparadysz/Projects/bandcamp_recommendation/get_all_albums.jl:17
┌ Info: processing 67459 at https://bandcamp.com/5starheat
└ @ Main /Users/pawelparadysz/Projects/bandcamp_recommendation/get_all_albums.jl:17
┌ Info: processing 67611 at https://bandcamp.com/VampJoe
└ @ Main /Users/pawelparadysz/Projects/bandcamp_recommendation/get_all_albums.jl:17
┌ Info: processing 67671 at https://bandcamp.com/saandstorm
└ @ Main /Users/pawelparadysz/Projects/bandcamp_recommendation/get_all_albums.jl:17
┌ Info: processing 67923 at https://bandcamp.com/rostbrot
└ @ Main /Users/pawelparadysz/Projects/bandcamp_recommendation/get_all_albums.jl:17
┌ Info: processing 68113 at https://bandcamp.com/FapcatFin
└ @ Main /Users/pawelparadysz/Projects/bandcamp_recommendation/get_all_albums.jl:17
┌ Info: processing 68164 at https://bandcamp.com/robertnappa
└ @ Main /Users/pawelparadysz/Projects/bandcamp_recommendation/get_all_albums.jl:17
┌ Info: processing 68201 at https://bandcamp.com/sinthetikcreatures
└ @ Main /Users/pawelparadysz/Projects/bandcamp_recommendation/get_all_albums.jl:17
┌ Info: processing 68247 at https://bandcamp.com/bo911
└ @ Main /Users/pawelparadysz/Projects/bandcamp_recommendation/get_all_albums.jl:17
┌ Info: processing 68275 at https://bandcamp.com/RobinL
└ @ Main /Users/pawelparadysz/Projects/bandcamp_recommendation/get_all_albums.jl:17
┌ Info: processing 68803 at https://bandcamp.com/innocent
└ @ Main /Users/pawelparadysz/Projects/bandcamp_recommendation/get_all_albums.jl:17
┌ Info: processing 68823 at https://bandcamp.com/petertaylor
└ @ Main /Users/pawelparadysz/Projects/bandcamp_recommendation/get_all_albums.jl:17
┌ Info: processing 69043 at https://bandcamp.com/buriedintime
└ @ Main /Users/pawelparadysz/Projects/bandcamp_recommendation/get_all_albums.jl:17
┌ Info: processing 69156 at https://bandcamp.com/gfpwat
└ @ Main /Users/pawelparadysz/Projects/bandcamp_recommendation/get_all_albums.jl:17
┌ Info: processing 69207 at https://bandcamp.com/willmurphy
└ @ Main /Users/pawelparadysz/Projects/bandcamp_recommendation/get_all_albums.jl:17
┌ Info: processing 69494 at https://bandcamp.com/justinhigh
└ @ Main /Users/pawelparadysz/Projects/bandcamp_recommendation/get_all_albums.jl:17
┌ Info: processing 69532 at https://bandcamp.com/synaesmedia
└ @ Main /Users/pawelparadysz/Projects/bandcamp_recommendation/get_all_albums.jl:17
┌ Info: processing 69566 at https://bandcamp.com/glitchdeviledits
└ @ Main /Users/pawelparadysz/Projects/bandcamp_recommendation/get_all_albums.jl:17
┌ Info: processing 69579 at https://bandcamp.com/NekoGeo
└ @ Main /Users/pawelparadysz/Projects/bandcamp_recommendation/get_all_albums.jl:17
┌ Info: processing 69585 at https://bandcamp.com/Teury
└ @ Main /Users/pawelparadysz/Projects/bandcamp_recommendation/get_all_albums.jl:17
┌ Info: processing 69848 at https://bandcamp.com/steffenmayer
└ @ Main /Users/pawelparadysz/Projects/bandcamp_recommendation/get_all_albums.jl:17
┌ Info: processing 70001 at https://bandcamp.com/dirtycactuar
└ @ Main /Users/pawelparadysz/Projects/bandcamp_recommendation/get_all_albums.jl:17
┌ Info: processing 70046 at https://bandcamp.com/Sumobracket
└ @ Main /Users/pawelparadysz/Projects/bandcamp_recommendation/get_all_albums.jl:17
┌ Info: processing 70138 at https://bandcamp.com/greggory
└ @ Main /Users/pawelparadysz/Projects/bandcamp_recommendation/get_all_albums.jl:17
┌ Info: processing 70204 at https://bandcamp.com/paolorumi
└ @ Main /Users/pawelparadysz/Projects/bandcamp_recommendation/get_all_albums.jl:17
┌ Info: processing 70210 at https://bandcamp.com/retrotigo
└ @ Main /Users/pawelparadysz/Projects/bandcamp_recommendation/get_all_albums.jl:17
┌ Info: processing 70225 at https://bandcamp.com/mepin
└ @ Main /Users/pawelparadysz/Projects/bandcamp_recommendation/get_all_albums.jl:17
┌ Info: processing 70306 at https://bandcamp.com/nukesiam
└ @ Main /Users/pawelparadysz/Projects/bandcamp_recommendation/get_all_albums.jl:17
┌ Info: processing 70399 at https://bandcamp.com/mumblecore_max
└ @ Main /Users/pawelparadysz/Projects/bandcamp_recommendation/get_all_albums.jl:17
┌ Info: processing 70400 at https://bandcamp.com/erickwilson
└ @ Main /Users/pawelparadysz/Projects/bandcamp_recommendation/get_all_albums.jl:17
┌ Info: processing 70628 at https://bandcamp.com/kaylef
└ @ Main /Users/pawelparadysz/Projects/bandcamp_recommendation/get_all_albums.jl:17
┌ Info: processing 70948 at https://bandcamp.com/jonathankirk
└ @ Main /Users/pawelparadysz/Projects/bandcamp_recommendation/get_all_albums.jl:17
┌ Info: processing 71039 at https://bandcamp.com/cEnda
└ @ Main /Users/pawelparadysz/Projects/bandcamp_recommendation/get_all_albums.jl:17
┌ Info: processing 71466 at https://bandcamp.com/drash
└ @ Main /Users/pawelparadysz/Projects/bandcamp_recommendation/get_all_albums.jl:17
┌ Info: processing 71627 at https://bandcamp.com/skylight
└ @ Main /Users/pawelparadysz/Projects/bandcamp_recommendation/get_all_albums.jl:17
┌ Info: processing 71684 at https://bandcamp.com/Flory
└ @ Main /Users/pawelparadysz/Projects/bandcamp_recommendation/get_all_albums.jl:17
┌ Info: processing 71893 at https://bandcamp.com/kumachan
└ @ Main /Users/pawelparadysz/Projects/bandcamp_recommendation/get_all_albums.jl:17
┌ Info: processing 71955 at https://bandcamp.com/FishyCase
└ @ Main /Users/pawelparadysz/Projects/bandcamp_recommendation/get_all_albums.jl:17
┌ Info: processing 72296 at https://bandcamp.com/bangsplat
└ @ Main /Users/pawelparadysz/Projects/bandcamp_recommendation/get_all_albums.jl:17
┌ Info: processing 72453 at https://bandcamp.com/iheanyi
└ @ Main /Users/pawelparadysz/Projects/bandcamp_recommendation/get_all_albums.jl:17
┌ Info: processing 72857 at https://bandcamp.com/csoltis
└ @ Main /Users/pawelparadysz/Projects/bandcamp_recommendation/get_all_albums.jl:17
┌ Info: processing 72915 at https://bandcamp.com/mcellis
└ @ Main /Users/pawelparadysz/Projects/bandcamp_recommendation/get_all_albums.jl:17
┌ Info: processing 72932 at https://bandcamp.com/unseelie11
└ @ Main /Users/pawelparadysz/Projects/bandcamp_recommendation/get_all_albums.jl:17
┌ Info: processing 73602 at https://bandcamp.com/gaxs
└ @ Main /Users/pawelparadysz/Projects/bandcamp_recommendation/get_all_albums.jl:17
┌ Info: processing 73768 at https://bandcamp.com/skmp
└ @ Main /Users/pawelparadysz/Projects/bandcamp_recommendation/get_all_albums.jl:17
┌ Info: processing 74393 at https://bandcamp.com/alexherter
└ @ Main /Users/pawelparadysz/Projects/bandcamp_recommendation/get_all_albums.jl:17
┌ Info: processing 74449 at https://bandcamp.com/superfish5000
└ @ Main /Users/pawelparadysz/Projects/bandcamp_recommendation/get_all_albums.jl:17
┌ Info: processing 74841 at https://bandcamp.com/bevan
└ @ Main /Users/pawelparadysz/Projects/bandcamp_recommendation/get_all_albums.jl:17
┌ Info: processing 74945 at https://bandcamp.com/dennisandthespaceships
└ @ Main /Users/pawelparadysz/Projects/bandcamp_recommendation/get_all_albums.jl:17
┌ Info: processing 75003 at https://bandcamp.com/adoru
└ @ Main /Users/pawelparadysz/Projects/bandcamp_recommendation/get_all_albums.jl:17
┌ Info: processing 75164 at https://bandcamp.com/cranialbug
└ @ Main /Users/pawelparadysz/Projects/bandcamp_recommendation/get_all_albums.jl:17
┌ Info: processing 75191 at https://bandcamp.com/takajou
└ @ Main /Users/pawelparadysz/Projects/bandcamp_recommendation/get_all_albums.jl:17
┌ Info: processing 75242 at https://bandcamp.com/piedpaper
└ @ Main /Users/pawelparadysz/Projects/bandcamp_recommendation/get_all_albums.jl:17
┌ Info: processing 75270 at https://bandcamp.com/pipetraeger
└ @ Main /Users/pawelparadysz/Projects/bandcamp_recommendation/get_all_albums.jl:17
┌ Info: processing 75351 at https://bandcamp.com/janvalls
└ @ Main /Users/pawelparadysz/Projects/bandcamp_recommendation/get_all_albums.jl:17
┌ Info: processing 75419 at https://bandcamp.com/lucasscott
└ @ Main /Users/pawelparadysz/Projects/bandcamp_recommendation/get_all_albums.jl:17
┌ Info: processing 75443 at https://bandcamp.com/wfdickey
└ @ Main /Users/pawelparadysz/Projects/bandcamp_recommendation/get_all_albums.jl:17
┌ Info: processing 75523 at https://bandcamp.com/drbeaf
└ @ Main /Users/pawelparadysz/Projects/bandcamp_recommendation/get_all_albums.jl:17
┌ Info: processing 75578 at https://bandcamp.com/restless
└ @ Main /Users/pawelparadysz/Projects/bandcamp_recommendation/get_all_albums.jl:17
┌ Info: processing 75618 at https://bandcamp.com/vladza
└ @ Main /Users/pawelparadysz/Projects/bandcamp_recommendation/get_all_albums.jl:17
┌ Info: processing 75690 at https://bandcamp.com/enniostyles
└ @ Main /Users/pawelparadysz/Projects/bandcamp_recommendation/get_all_albums.jl:17
┌ Info: processing 75726 at https://bandcamp.com/luma-fox
└ @ Main /Users/pawelparadysz/Projects/bandcamp_recommendation/get_all_albums.jl:17
┌ Info: processing 75766 at https://bandcamp.com/caseylewis
└ @ Main /Users/pawelparadysz/Projects/bandcamp_recommendation/get_all_albums.jl:17
┌ Info: processing 75770 at https://bandcamp.com/pinklotusdance
└ @ Main /Users/pawelparadysz/Projects/bandcamp_recommendation/get_all_albums.jl:17
┌ Info: processing 75860 at https://bandcamp.com/funkycommunistguy
└ @ Main /Users/pawelparadysz/Projects/bandcamp_recommendation/get_all_albums.jl:17
┌ Info: processing 75864 at https://bandcamp.com/shinjo
└ @ Main /Users/pawelparadysz/Projects/bandcamp_recommendation/get_all_albums.jl:17
┌ Info: processing 75935 at https://bandcamp.com/musiclegacy
└ @ Main /Users/pawelparadysz/Projects/bandcamp_recommendation/get_all_albums.jl:17
┌ Info: processing 75972 at https://bandcamp.com/aidanfinan
└ @ Main /Users/pawelparadysz/Projects/bandcamp_recommendation/get_all_albums.jl:17
┌ Info: processing 75987 at https://bandcamp.com/egnatiusmagnus
└ @ Main /Users/pawelparadysz/Projects/bandcamp_recommendation/get_all_albums.jl:17
┌ Info: processing 76192 at https://bandcamp.com/oscarogg
└ @ Main /Users/pawelparadysz/Projects/bandcamp_recommendation/get_all_albums.jl:17
┌ Info: processing 76211 at https://bandcamp.com/etiennecampionmasson
└ @ Main /Users/pawelparadysz/Projects/bandcamp_recommendation/get_all_albums.jl:17
┌ Info: processing 76230 at https://bandcamp.com/Orionigel
└ @ Main /Users/pawelparadysz/Projects/bandcamp_recommendation/get_all_albums.jl:17
┌ Info: processing 76638 at https://bandcamp.com/liliumshakti
└ @ Main /Users/pawelparadysz/Projects/bandcamp_recommendation/get_all_albums.jl:17
┌ Info: processing 76640 at https://bandcamp.com/sylvesterdubina
└ @ Main /Users/pawelparadysz/Projects/bandcamp_recommendation/get_all_albums.jl:17
┌ Info: processing 76679 at https://bandcamp.com/Velathos
└ @ Main /Users/pawelparadysz/Projects/bandcamp_recommendation/get_all_albums.jl:17
┌ Info: processing 76767 at https://bandcamp.com/pavelmaslov
└ @ Main /Users/pawelparadysz/Projects/bandcamp_recommendation/get_all_albums.jl:17
┌ Info: processing 76871 at https://bandcamp.com/timothygaehring
└ @ Main /Users/pawelparadysz/Projects/bandcamp_recommendation/get_all_albums.jl:17
┌ Info: processing 76996 at https://bandcamp.com/nickrosendorf
└ @ Main /Users/pawelparadysz/Projects/bandcamp_recommendation/get_all_albums.jl:17
┌ Info: processing 76997 at https://bandcamp.com/HamChop
└ @ Main /Users/pawelparadysz/Projects/bandcamp_recommendation/get_all_albums.jl:17
┌ Info: processing 77090 at https://bandcamp.com/danramone
└ @ Main /Users/pawelparadysz/Projects/bandcamp_recommendation/get_all_albums.jl:17
┌ Info: processing 77134 at https://bandcamp.com/delta2kbr
└ @ Main /Users/pawelparadysz/Projects/bandcamp_recommendation/get_all_albums.jl:17
┌ Info: processing 77376 at https://bandcamp.com/gadget-o-brien
└ @ Main /Users/pawelparadysz/Projects/bandcamp_recommendation/get_all_albums.jl:17
┌ Info: processing 77429 at https://bandcamp.com/jmt1589
└ @ Main /Users/pawelparadysz/Projects/bandcamp_recommendation/get_all_albums.jl:17
┌ Info: processing 77509 at https://bandcamp.com/captain_yar
└ @ Main /Users/pawelparadysz/Projects/bandcamp_recommendation/get_all_albums.jl:17
┌ Info: processing 77595 at https://bandcamp.com/allvoice97
└ @ Main /Users/pawelparadysz/Projects/bandcamp_recommendation/get_all_albums.jl:17
┌ Info: processing 77796 at https://bandcamp.com/gerardoramirez
└ @ Main /Users/pawelparadysz/Projects/bandcamp_recommendation/get_all_albums.jl:17
┌ Info: processing 77860 at https://bandcamp.com/benway3k
└ @ Main /Users/pawelparadysz/Projects/bandcamp_recommendation/get_all_albums.jl:17
┌ Info: processing 77910 at https://bandcamp.com/datsme
└ @ Main /Users/pawelparadysz/Projects/bandcamp_recommendation/get_all_albums.jl:17
┌ Info: processing 77925 at https://bandcamp.com/jonathanblacas
└ @ Main /Users/pawelparadysz/Projects/bandcamp_recommendation/get_all_albums.jl:17
┌ Info: processing 77949 at https://bandcamp.com/bubaface
└ @ Main /Users/pawelparadysz/Projects/bandcamp_recommendation/get_all_albums.jl:17
┌ Info: processing 77959 at https://bandcamp.com/thedreamingskull
└ @ Main /Users/pawelparadysz/Projects/bandcamp_recommendation/get_all_albums.jl:17
┌ Info: processing 78139 at https://bandcamp.com/salvatoreacilio
└ @ Main /Users/pawelparadysz/Projects/bandcamp_recommendation/get_all_albums.jl:17
┌ Info: processing 78369 at https://bandcamp.com/laurencecarroll
└ @ Main /Users/pawelparadysz/Projects/bandcamp_recommendation/get_all_albums.jl:17
┌ Info: processing 78382 at https://bandcamp.com/jodosdar
└ @ Main /Users/pawelparadysz/Projects/bandcamp_recommendation/get_all_albums.jl:17
┌ Info: processing 78436 at https://bandcamp.com/justinclitheroe
└ @ Main /Users/pawelparadysz/Projects/bandcamp_recommendation/get_all_albums.jl:17
┌ Info: processing 78440 at https://bandcamp.com/j-francois
└ @ Main /Users/pawelparadysz/Projects/bandcamp_recommendation/get_all_albums.jl:17
┌ Info: processing 78642 at https://bandcamp.com/msok09
└ @ Main /Users/pawelparadysz/Projects/bandcamp_recommendation/get_all_albums.jl:17
┌ Info: processing 78818 at https://bandcamp.com/MatsuClem
└ @ Main /Users/pawelparadysz/Projects/bandcamp_recommendation/get_all_albums.jl:17
┌ Info: processing 78831 at https://bandcamp.com/jaredrich
└ @ Main /Users/pawelparadysz/Projects/bandcamp_recommendation/get_all_albums.jl:17
┌ Info: processing 78941 at https://bandcamp.com/myertveho
└ @ Main /Users/pawelparadysz/Projects/bandcamp_recommendation/get_all_albums.jl:17
┌ Info: processing 79090 at https://bandcamp.com/josephclarke
└ @ Main /Users/pawelparadysz/Projects/bandcamp_recommendation/get_all_albums.jl:17
┌ Info: processing 79091 at https://bandcamp.com/Hellscreamy
└ @ Main /Users/pawelparadysz/Projects/bandcamp_recommendation/get_all_albums.jl:17
┌ Info: processing 79154 at https://bandcamp.com/spookymushroom
└ @ Main /Users/pawelparadysz/Projects/bandcamp_recommendation/get_all_albums.jl:17
┌ Info: processing 79391 at https://bandcamp.com/lucashoal
└ @ Main /Users/pawelparadysz/Projects/bandcamp_recommendation/get_all_albums.jl:17
┌ Info: processing 79594 at https://bandcamp.com/trabalder
└ @ Main /Users/pawelparadysz/Projects/bandcamp_recommendation/get_all_albums.jl:17
┌ Info: processing 79851 at https://bandcamp.com/trillaforlife
└ @ Main /Users/pawelparadysz/Projects/bandcamp_recommendation/get_all_albums.jl:17
┌ Info: processing 79965 at https://bandcamp.com/djbushido
└ @ Main /Users/pawelparadysz/Projects/bandcamp_recommendation/get_all_albums.jl:17
┌ Info: processing 80124 at https://bandcamp.com/walterkaspar
└ @ Main /Users/pawelparadysz/Projects/bandcamp_recommendation/get_all_albums.jl:17
┌ Info: processing 80139 at https://bandcamp.com/redaxela
└ @ Main /Users/pawelparadysz/Projects/bandcamp_recommendation/get_all_albums.jl:17
┌ Info: processing 80173 at https://bandcamp.com/stevenmarshall
└ @ Main /Users/pawelparadysz/Projects/bandcamp_recommendation/get_all_albums.jl:17
┌ Info: processing 80367 at https://bandcamp.com/senortres
└ @ Main /Users/pawelparadysz/Projects/bandcamp_recommendation/get_all_albums.jl:17
┌ Info: processing 80540 at https://bandcamp.com/Chromatics
└ @ Main /Users/pawelparadysz/Projects/bandcamp_recommendation/get_all_albums.jl:17
┌ Info: processing 80636 at https://bandcamp.com/toja
└ @ Main /Users/pawelparadysz/Projects/bandcamp_recommendation/get_all_albums.jl:17
┌ Info: processing 81084 at https://bandcamp.com/Jasmine_Elm
└ @ Main /Users/pawelparadysz/Projects/bandcamp_recommendation/get_all_albums.jl:17
┌ Info: processing 81162 at https://bandcamp.com/deltawave
└ @ Main /Users/pawelparadysz/Projects/bandcamp_recommendation/get_all_albums.jl:17
┌ Info: processing 81318 at https://bandcamp.com/Totalled
└ @ Main /Users/pawelparadysz/Projects/bandcamp_recommendation/get_all_albums.jl:17
┌ Info: processing 81352 at https://bandcamp.com/jacfalcon
└ @ Main /Users/pawelparadysz/Projects/bandcamp_recommendation/get_all_albums.jl:17
┌ Info: processing 81478 at https://bandcamp.com/baazgh
└ @ Main /Users/pawelparadysz/Projects/bandcamp_recommendation/get_all_albums.jl:17
┌ Info: processing 81630 at https://bandcamp.com/dappled_light
└ @ Main /Users/pawelparadysz/Projects/bandcamp_recommendation/get_all_albums.jl:17
┌ Info: processing 81708 at https://bandcamp.com/MO3BIUS
└ @ Main /Users/pawelparadysz/Projects/bandcamp_recommendation/get_all_albums.jl:17
┌ Info: processing 81727 at https://bandcamp.com/jroh
└ @ Main /Users/pawelparadysz/Projects/bandcamp_recommendation/get_all_albums.jl:17
┌ Info: processing 81756 at https://bandcamp.com/djbeefdip
└ @ Main /Users/pawelparadysz/Projects/bandcamp_recommendation/get_all_albums.jl:17
┌ Info: processing 81806 at https://bandcamp.com/gho57x90
└ @ Main /Users/pawelparadysz/Projects/bandcamp_recommendation/get_all_albums.jl:17
┌ Info: processing 81938 at https://bandcamp.com/kierm
└ @ Main /Users/pawelparadysz/Projects/bandcamp_recommendation/get_all_albums.jl:17
┌ Info: processing 82022 at https://bandcamp.com/rileym
└ @ Main /Users/pawelparadysz/Projects/bandcamp_recommendation/get_all_albums.jl:17
┌ Info: processing 82034 at https://bandcamp.com/txtsfs360
└ @ Main /Users/pawelparadysz/Projects/bandcamp_recommendation/get_all_albums.jl:17
┌ Info: processing 82058 at https://bandcamp.com/omit
└ @ Main /Users/pawelparadysz/Projects/bandcamp_recommendation/get_all_albums.jl:17
┌ Info: processing 82071 at https://bandcamp.com/dissefactonaut
└ @ Main /Users/pawelparadysz/Projects/bandcamp_recommendation/get_all_albums.jl:17
┌ Info: processing 82203 at https://bandcamp.com/nickbadik
└ @ Main /Users/pawelparadysz/Projects/bandcamp_recommendation/get_all_albums.jl:17
┌ Info: processing 82257 at https://bandcamp.com/draincain
└ @ Main /Users/pawelparadysz/Projects/bandcamp_recommendation/get_all_albums.jl:17
┌ Info: processing 82345 at https://bandcamp.com/deleriummemoirs
└ @ Main /Users/pawelparadysz/Projects/bandcamp_recommendation/get_all_albums.jl:17
┌ Info: processing 82421 at https://bandcamp.com/tylup
└ @ Main /Users/pawelparadysz/Projects/bandcamp_recommendation/get_all_albums.jl:17
┌ Info: processing 82423 at https://bandcamp.com/double-g
└ @ Main /Users/pawelparadysz/Projects/bandcamp_recommendation/get_all_albums.jl:17
┌ Info: processing 82451 at https://bandcamp.com/Valmanway
└ @ Main /Users/pawelparadysz/Projects/bandcamp_recommendation/get_all_albums.jl:17
┌ Info: processing 82506 at https://bandcamp.com/andeeramone
└ @ Main /Users/pawelparadysz/Projects/bandcamp_recommendation/get_all_albums.jl:17
┌ Info: processing 82885 at https://bandcamp.com/michaelluethi
└ @ Main /Users/pawelparadysz/Projects/bandcamp_recommendation/get_all_albums.jl:17
┌ Info: processing 82888 at https://bandcamp.com/lightningjim
└ @ Main /Users/pawelparadysz/Projects/bandcamp_recommendation/get_all_albums.jl:17
┌ Info: processing 82910 at https://bandcamp.com/Leyiz
└ @ Main /Users/pawelparadysz/Projects/bandcamp_recommendation/get_all_albums.jl:17
┌ Info: processing 82956 at https://bandcamp.com/brandonmetcalf
└ @ Main /Users/pawelparadysz/Projects/bandcamp_recommendation/get_all_albums.jl:17
┌ Info: processing 83215 at https://bandcamp.com/albydammned
└ @ Main /Users/pawelparadysz/Projects/bandcamp_recommendation/get_all_albums.jl:17
┌ Info: processing 83471 at https://bandcamp.com/austingrismore
└ @ Main /Users/pawelparadysz/Projects/bandcamp_recommendation/get_all_albums.jl:17
┌ Info: processing 83526 at https://bandcamp.com/SmallGrooveThing
└ @ Main /Users/pawelparadysz/Projects/bandcamp_recommendation/get_all_albums.jl:17
┌ Info: processing 83640 at https://bandcamp.com/electrojugoton
└ @ Main /Users/pawelparadysz/Projects/bandcamp_recommendation/get_all_albums.jl:17
┌ Info: processing 83654 at https://bandcamp.com/filt
└ @ Main /Users/pawelparadysz/Projects/bandcamp_recommendation/get_all_albums.jl:17
┌ Info: processing 83691 at https://bandcamp.com/westerndistrict
└ @ Main /Users/pawelparadysz/Projects/bandcamp_recommendation/get_all_albums.jl:17
┌ Info: processing 83738 at https://bandcamp.com/johnfarrar
└ @ Main /Users/pawelparadysz/Projects/bandcamp_recommendation/get_all_albums.jl:17
┌ Info: processing 83878 at https://bandcamp.com/micahferreira
└ @ Main /Users/pawelparadysz/Projects/bandcamp_recommendation/get_all_albums.jl:17
┌ Info: processing 84216 at https://bandcamp.com/-Wham_Charles-
└ @ Main /Users/pawelparadysz/Projects/bandcamp_recommendation/get_all_albums.jl:17
┌ Info: processing 84319 at https://bandcamp.com/ellojamo
└ @ Main /Users/pawelparadysz/Projects/bandcamp_recommendation/get_all_albums.jl:17
┌ Info: processing 84461 at https://bandcamp.com/sensualbreadlover
└ @ Main /Users/pawelparadysz/Projects/bandcamp_recommendation/get_all_albums.jl:17
┌ Info: processing 84736 at https://bandcamp.com/Yeti
└ @ Main /Users/pawelparadysz/Projects/bandcamp_recommendation/get_all_albums.jl:17
┌ Info: processing 84752 at https://bandcamp.com/larsjacobsson
└ @ Main /Users/pawelparadysz/Projects/bandcamp_recommendation/get_all_albums.jl:17
┌ Info: processing 84767 at https://bandcamp.com/coldonek
└ @ Main /Users/pawelparadysz/Projects/bandcamp_recommendation/get_all_albums.jl:17
┌ Info: processing 84799 at https://bandcamp.com/kageofspades
└ @ Main /Users/pawelparadysz/Projects/bandcamp_recommendation/get_all_albums.jl:17
┌ Info: processing 84847 at https://bandcamp.com/afterlifeforgotten
└ @ Main /Users/pawelparadysz/Projects/bandcamp_recommendation/get_all_albums.jl:17
┌ Info: processing 85324 at https://bandcamp.com/fredspears
└ @ Main /Users/pawelparadysz/Projects/bandcamp_recommendation/get_all_albums.jl:17
┌ Info: processing 85559 at https://bandcamp.com/brother_from_another_mother
└ @ Main /Users/pawelparadysz/Projects/bandcamp_recommendation/get_all_albums.jl:17
┌ Info: processing 85707 at https://bandcamp.com/SmilingRipper
└ @ Main /Users/pawelparadysz/Projects/bandcamp_recommendation/get_all_albums.jl:17
┌ Info: processing 85736 at https://bandcamp.com/c-record
└ @ Main /Users/pawelparadysz/Projects/bandcamp_recommendation/get_all_albums.jl:17
┌ Info: processing 85799 at https://bandcamp.com/krullnar
└ @ Main /Users/pawelparadysz/Projects/bandcamp_recommendation/get_all_albums.jl:17
┌ Info: processing 85912 at https://bandcamp.com/loualdee
└ @ Main /Users/pawelparadysz/Projects/bandcamp_recommendation/get_all_albums.jl:17
┌ Info: processing 85925 at https://bandcamp.com/ryanmew
└ @ Main /Users/pawelparadysz/Projects/bandcamp_recommendation/get_all_albums.jl:17
┌ Info: processing 85931 at https://bandcamp.com/jeffreyh
└ @ Main /Users/pawelparadysz/Projects/bandcamp_recommendation/get_all_albums.jl:17
┌ Info: processing 85932 at https://bandcamp.com/voodoomachete
└ @ Main /Users/pawelparadysz/Projects/bandcamp_recommendation/get_all_albums.jl:17
┌ Info: processing 85973 at https://bandcamp.com/fugma
└ @ Main /Users/pawelparadysz/Projects/bandcamp_recommendation/get_all_albums.jl:17
┌ Info: processing 86412 at https://bandcamp.com/sagacitysite
└ @ Main /Users/pawelparadysz/Projects/bandcamp_recommendation/get_all_albums.jl:17
┌ Info: processing 86461 at https://bandcamp.com/sandwc
└ @ Main /Users/pawelparadysz/Projects/bandcamp_recommendation/get_all_albums.jl:17
┌ Info: processing 86702 at https://bandcamp.com/jayelaudio
└ @ Main /Users/pawelparadysz/Projects/bandcamp_recommendation/get_all_albums.jl:17
┌ Info: processing 86782 at https://bandcamp.com/mwjump
└ @ Main /Users/pawelparadysz/Projects/bandcamp_recommendation/get_all_albums.jl:17
┌ Info: processing 86811 at https://bandcamp.com/meganrodgers
└ @ Main /Users/pawelparadysz/Projects/bandcamp_recommendation/get_all_albums.jl:17
┌ Info: processing 86816 at https://bandcamp.com/kuiperballad
└ @ Main /Users/pawelparadysz/Projects/bandcamp_recommendation/get_all_albums.jl:17
┌ Info: processing 86951 at https://bandcamp.com/punit
└ @ Main /Users/pawelparadysz/Projects/bandcamp_recommendation/get_all_albums.jl:17
┌ Info: processing 87004 at https://bandcamp.com/valrus
└ @ Main /Users/pawelparadysz/Projects/bandcamp_recommendation/get_all_albums.jl:17
┌ Info: processing 87162 at https://bandcamp.com/Harveynice
└ @ Main /Users/pawelparadysz/Projects/bandcamp_recommendation/get_all_albums.jl:17
┌ Info: processing 87403 at https://bandcamp.com/ericvillagomez
└ @ Main /Users/pawelparadysz/Projects/bandcamp_recommendation/get_all_albums.jl:17
┌ Info: processing 87457 at https://bandcamp.com/zachaweiner
└ @ Main /Users/pawelparadysz/Projects/bandcamp_recommendation/get_all_albums.jl:17
┌ Info: processing 87702 at https://bandcamp.com/amardhall
└ @ Main /Users/pawelparadysz/Projects/bandcamp_recommendation/get_all_albums.jl:17
┌ Info: processing 87743 at https://bandcamp.com/klavestorm
└ @ Main /Users/pawelparadysz/Projects/bandcamp_recommendation/get_all_albums.jl:17
┌ Info: processing 87887 at https://bandcamp.com/eleternauta
└ @ Main /Users/pawelparadysz/Projects/bandcamp_recommendation/get_all_albums.jl:17
┌ Info: processing 87963 at https://bandcamp.com/autious
└ @ Main /Users/pawelparadysz/Projects/bandcamp_recommendation/get_all_albums.jl:17
┌ Info: processing 88007 at https://bandcamp.com/renick
└ @ Main /Users/pawelparadysz/Projects/bandcamp_recommendation/get_all_albums.jl:17
┌ Info: processing 88264 at https://bandcamp.com/paulsolo
└ @ Main /Users/pawelparadysz/Projects/bandcamp_recommendation/get_all_albums.jl:17
┌ Info: processing 88287 at https://bandcamp.com/danielbrennan
└ @ Main /Users/pawelparadysz/Projects/bandcamp_recommendation/get_all_albums.jl:17
┌ Info: processing 88394 at https://bandcamp.com/socko24
└ @ Main /Users/pawelparadysz/Projects/bandcamp_recommendation/get_all_albums.jl:17
┌ Info: processing 88559 at https://bandcamp.com/bjorney1988
└ @ Main /Users/pawelparadysz/Projects/bandcamp_recommendation/get_all_albums.jl:17
┌ Info: processing 88563 at https://bandcamp.com/car_garcia11
└ @ Main /Users/pawelparadysz/Projects/bandcamp_recommendation/get_all_albums.jl:17
┌ Info: processing 88734 at https://bandcamp.com/richardelliott
└ @ Main /Users/pawelparadysz/Projects/bandcamp_recommendation/get_all_albums.jl:17
┌ Info: processing 88882 at https://bandcamp.com/qwerthert
└ @ Main /Users/pawelparadysz/Projects/bandcamp_recommendation/get_all_albums.jl:17
┌ Info: processing 89005 at https://bandcamp.com/jcpetkovich
└ @ Main /Users/pawelparadysz/Projects/bandcamp_recommendation/get_all_albums.jl:17
┌ Info: processing 89017 at https://bandcamp.com/ladydelirium
└ @ Main /Users/pawelparadysz/Projects/bandcamp_recommendation/get_all_albums.jl:17
┌ Info: processing 89040 at https://bandcamp.com/ashurah18
└ @ Main /Users/pawelparadysz/Projects/bandcamp_recommendation/get_all_albums.jl:17
┌ Info: processing 89083 at https://bandcamp.com/8man
└ @ Main /Users/pawelparadysz/Projects/bandcamp_recommendation/get_all_albums.jl:17
┌ Info: processing 89135 at https://bandcamp.com/pingre
└ @ Main /Users/pawelparadysz/Projects/bandcamp_recommendation/get_all_albums.jl:17
┌ Info: processing 89429 at https://bandcamp.com/GalactiCat
└ @ Main /Users/pawelparadysz/Projects/bandcamp_recommendation/get_all_albums.jl:17
┌ Info: processing 89763 at https://bandcamp.com/carlfredriklid
└ @ Main /Users/pawelparadysz/Projects/bandcamp_recommendation/get_all_albums.jl:17
┌ Info: processing 90001 at https://bandcamp.com/squiggly_p
└ @ Main /Users/pawelparadysz/Projects/bandcamp_recommendation/get_all_albums.jl:17
┌ Info: processing 90082 at https://bandcamp.com/dam90
└ @ Main /Users/pawelparadysz/Projects/bandcamp_recommendation/get_all_albums.jl:17
┌ Info: processing 90192 at https://bandcamp.com/dreadmighty
└ @ Main /Users/pawelparadysz/Projects/bandcamp_recommendation/get_all_albums.jl:17
┌ Info: processing 90217 at https://bandcamp.com/furiousfred
└ @ Main /Users/pawelparadysz/Projects/bandcamp_recommendation/get_all_albums.jl:17
┌ Info: processing 90371 at https://bandcamp.com/krxnklyill
└ @ Main /Users/pawelparadysz/Projects/bandcamp_recommendation/get_all_albums.jl:17
┌ Info: processing 90583 at https://bandcamp.com/drfuturity
└ @ Main /Users/pawelparadysz/Projects/bandcamp_recommendation/get_all_albums.jl:17
┌ Info: processing 90845 at https://bandcamp.com/inhumed
└ @ Main /Users/pawelparadysz/Projects/bandcamp_recommendation/get_all_albums.jl:17
┌ Info: processing 90935 at https://bandcamp.com/bollokscraftrecords
└ @ Main /Users/pawelparadysz/Projects/bandcamp_recommendation/get_all_albums.jl:17
┌ Info: processing 91126 at https://bandcamp.com/michaelpixton
└ @ Main /Users/pawelparadysz/Projects/bandcamp_recommendation/get_all_albums.jl:17
┌ Info: processing 91142 at https://bandcamp.com/GregFJ
└ @ Main /Users/pawelparadysz/Projects/bandcamp_recommendation/get_all_albums.jl:17
┌ Info: processing 91183 at https://bandcamp.com/darkotter
└ @ Main /Users/pawelparadysz/Projects/bandcamp_recommendation/get_all_albums.jl:17
┌ Info: processing 91210 at https://bandcamp.com/aphonic
└ @ Main /Users/pawelparadysz/Projects/bandcamp_recommendation/get_all_albums.jl:17
┌ Info: processing 91211 at https://bandcamp.com/locke456
└ @ Main /Users/pawelparadysz/Projects/bandcamp_recommendation/get_all_albums.jl:17
┌ Info: processing 91249 at https://bandcamp.com/arensburgh
└ @ Main /Users/pawelparadysz/Projects/bandcamp_recommendation/get_all_albums.jl:17
┌ Info: processing 91250 at https://bandcamp.com/pinkshades
└ @ Main /Users/pawelparadysz/Projects/bandcamp_recommendation/get_all_albums.jl:17
┌ Info: processing 91372 at https://bandcamp.com/ericrumble
└ @ Main /Users/pawelparadysz/Projects/bandcamp_recommendation/get_all_albums.jl:17
┌ Info: processing 91456 at https://bandcamp.com/seibah
└ @ Main /Users/pawelparadysz/Projects/bandcamp_recommendation/get_all_albums.jl:17
┌ Info: processing 91585 at https://bandcamp.com/johnchiaro
└ @ Main /Users/pawelparadysz/Projects/bandcamp_recommendation/get_all_albums.jl:17
┌ Info: processing 91659 at https://bandcamp.com/ryuokzk
└ @ Main /Users/pawelparadysz/Projects/bandcamp_recommendation/get_all_albums.jl:17
┌ Info: processing 91982 at https://bandcamp.com/svenschlegl
└ @ Main /Users/pawelparadysz/Projects/bandcamp_recommendation/get_all_albums.jl:17
┌ Info: processing 92032 at https://bandcamp.com/mrawesome
└ @ Main /Users/pawelparadysz/Projects/bandcamp_recommendation/get_all_albums.jl:17
┌ Info: processing 92043 at https://bandcamp.com/hetzge
└ @ Main /Users/pawelparadysz/Projects/bandcamp_recommendation/get_all_albums.jl:17
